{"/Users/vimal_m/Desktop/React-Webpack4 Starter Boilerpate/src/actionCreators.js": {"path":"/Users/vimal_m/Desktop/React-Webpack4 Starter Boilerpate/src/actionCreators.js","statementMap":{"0":{"start":{"line":1,"column":0},"end":{"line":1,"column":63}},"1":{"start":{"line":2,"column":0},"end":{"line":2,"column":35}},"2":{"start":{"line":3,"column":0},"end":{"line":3,"column":42}},"3":{"start":{"line":4,"column":0},"end":{"line":4,"column":0}},"4":{"start":{"line":5,"column":0},"end":{"line":5,"column":37}},"5":{"start":{"line":6,"column":0},"end":{"line":6,"column":52}},"6":{"start":{"line":7,"column":0},"end":{"line":7,"column":1}},"7":{"start":{"line":8,"column":0},"end":{"line":8,"column":0}},"8":{"start":{"line":9,"column":0},"end":{"line":9,"column":41}},"9":{"start":{"line":10,"column":0},"end":{"line":10,"column":56}},"10":{"start":{"line":11,"column":0},"end":{"line":11,"column":1}},"11":{"start":{"line":12,"column":0},"end":{"line":12,"column":0}},"12":{"start":{"line":13,"column":0},"end":{"line":13,"column":38}},"13":{"start":{"line":14,"column":0},"end":{"line":14,"column":32}},"14":{"start":{"line":15,"column":0},"end":{"line":15,"column":13}},"15":{"start":{"line":16,"column":0},"end":{"line":16,"column":74}},"16":{"start":{"line":17,"column":0},"end":{"line":17,"column":48}},"17":{"start":{"line":18,"column":0},"end":{"line":18,"column":58}},"18":{"start":{"line":19,"column":0},"end":{"line":19,"column":53}},"19":{"start":{"line":20,"column":0},"end":{"line":20,"column":21}},"20":{"start":{"line":21,"column":0},"end":{"line":21,"column":27}},"21":{"start":{"line":22,"column":0},"end":{"line":22,"column":9}},"22":{"start":{"line":23,"column":0},"end":{"line":23,"column":6}},"23":{"start":{"line":24,"column":0},"end":{"line":24,"column":1}},"24":{"start":{"line":25,"column":0},"end":{"line":25,"column":0}},"25":{"start":{"line":26,"column":0},"end":{"line":26,"column":35}},"26":{"start":{"line":27,"column":0},"end":{"line":27,"column":11}},"27":{"start":{"line":28,"column":0},"end":{"line":28,"column":32}},"28":{"start":{"line":29,"column":0},"end":{"line":29,"column":20}},"29":{"start":{"line":30,"column":0},"end":{"line":30,"column":0}},"30":{"start":{"line":31,"column":0},"end":{"line":31,"column":32}},"31":{"start":{"line":32,"column":0},"end":{"line":32,"column":13}},"32":{"start":{"line":33,"column":0},"end":{"line":33,"column":46}},"33":{"start":{"line":34,"column":0},"end":{"line":34,"column":66}},"34":{"start":{"line":35,"column":0},"end":{"line":35,"column":46}},"35":{"start":{"line":36,"column":0},"end":{"line":36,"column":15}},"36":{"start":{"line":37,"column":0},"end":{"line":37,"column":37}},"37":{"start":{"line":38,"column":0},"end":{"line":38,"column":41}},"38":{"start":{"line":39,"column":0},"end":{"line":39,"column":31}},"39":{"start":{"line":40,"column":0},"end":{"line":40,"column":59}},"40":{"start":{"line":41,"column":0},"end":{"line":41,"column":17}},"41":{"start":{"line":42,"column":0},"end":{"line":42,"column":13}},"42":{"start":{"line":43,"column":0},"end":{"line":43,"column":21}},"43":{"start":{"line":44,"column":0},"end":{"line":44,"column":27}},"44":{"start":{"line":45,"column":0},"end":{"line":45,"column":9}},"45":{"start":{"line":46,"column":0},"end":{"line":46,"column":6}},"46":{"start":{"line":47,"column":0},"end":{"line":47,"column":1}}},"s":{"0":1,"1":1,"2":1,"3":1,"4":1,"5":0,"6":0,"7":1,"8":1,"9":0,"10":0,"11":1,"12":1,"13":0,"14":0,"15":0,"16":0,"17":0,"18":0,"19":0,"20":0,"21":0,"22":0,"23":0,"24":1,"25":1,"26":1,"27":1,"28":1,"29":1,"30":1,"31":0,"32":0,"33":0,"34":0,"35":0,"36":0,"37":0,"38":0,"39":0,"40":0,"41":0,"42":0,"43":0,"44":0,"45":0,"46":1},"branchMap":{"0":{"type":"branch","line":47,"loc":{"start":{"line":47,"column":1},"end":{"line":47,"column":1}},"locations":[{"start":{"line":47,"column":1},"end":{"line":47,"column":1}}]},"1":{"type":"branch","line":47,"loc":{"start":{"line":47,"column":1},"end":{"line":47,"column":1}},"locations":[{"start":{"line":47,"column":1},"end":{"line":47,"column":1}}]},"2":{"type":"branch","line":47,"loc":{"start":{"line":47,"column":1},"end":{"line":47,"column":1}},"locations":[{"start":{"line":47,"column":1},"end":{"line":47,"column":1}}]},"3":{"type":"branch","line":47,"loc":{"start":{"line":47,"column":1},"end":{"line":47,"column":1}},"locations":[{"start":{"line":47,"column":1},"end":{"line":47,"column":1}}]},"4":{"type":"branch","line":47,"loc":{"start":{"line":47,"column":1},"end":{"line":47,"column":1}},"locations":[{"start":{"line":47,"column":1},"end":{"line":47,"column":1}}]},"5":{"type":"branch","line":47,"loc":{"start":{"line":47,"column":1},"end":{"line":47,"column":1}},"locations":[{"start":{"line":47,"column":1},"end":{"line":47,"column":1}}]},"6":{"type":"branch","line":47,"loc":{"start":{"line":47,"column":1},"end":{"line":47,"column":1}},"locations":[{"start":{"line":47,"column":1},"end":{"line":47,"column":1}}]},"7":{"type":"branch","line":47,"loc":{"start":{"line":47,"column":1},"end":{"line":47,"column":1}},"locations":[{"start":{"line":47,"column":1},"end":{"line":47,"column":1}}]},"8":{"type":"branch","line":47,"loc":{"start":{"line":47,"column":1},"end":{"line":47,"column":1}},"locations":[{"start":{"line":47,"column":1},"end":{"line":47,"column":1}}]},"9":{"type":"branch","line":26,"loc":{"start":{"line":26,"column":7},"end":{"line":47,"column":1}},"locations":[{"start":{"line":26,"column":7},"end":{"line":47,"column":1}}]},"10":{"type":"branch","line":47,"loc":{"start":{"line":47,"column":1},"end":{"line":47,"column":1}},"locations":[{"start":{"line":47,"column":1},"end":{"line":47,"column":1}}]},"11":{"type":"branch","line":47,"loc":{"start":{"line":47,"column":1},"end":{"line":47,"column":1}},"locations":[{"start":{"line":47,"column":1},"end":{"line":47,"column":1}}]},"12":{"type":"branch","line":47,"loc":{"start":{"line":47,"column":1},"end":{"line":47,"column":1}},"locations":[{"start":{"line":47,"column":1},"end":{"line":47,"column":1}}]},"13":{"type":"branch","line":47,"loc":{"start":{"line":47,"column":1},"end":{"line":47,"column":1}},"locations":[{"start":{"line":47,"column":1},"end":{"line":47,"column":1}}]},"14":{"type":"branch","line":47,"loc":{"start":{"line":47,"column":1},"end":{"line":47,"column":1}},"locations":[{"start":{"line":47,"column":1},"end":{"line":47,"column":1}}]},"15":{"type":"branch","line":47,"loc":{"start":{"line":47,"column":1},"end":{"line":47,"column":1}},"locations":[{"start":{"line":47,"column":1},"end":{"line":47,"column":1}}]}},"b":{"0":[3],"1":[3],"2":[0],"3":[6],"4":[3],"5":[3],"6":[3],"7":[0],"8":[0],"9":[1],"10":[3],"11":[0],"12":[0],"13":[3],"14":[0],"15":[0]},"fnMap":{"0":{"name":"Object.<anonymous>","decl":{"start":{"line":47,"column":1},"end":{"line":47,"column":1}},"loc":{"start":{"line":47,"column":1},"end":{"line":47,"column":1}},"line":47},"1":{"name":"_interopRequireDefault","decl":{"start":{"line":47,"column":1},"end":{"line":47,"column":1}},"loc":{"start":{"line":47,"column":1},"end":{"line":47,"column":1}},"line":47},"2":{"name":"Object.<anonymous>.__signature__","decl":{"start":{"line":47,"column":1},"end":{"line":47,"column":1}},"loc":{"start":{"line":47,"column":1},"end":{"line":47,"column":1}},"line":47},"3":{"name":"addMoviesList","decl":{"start":{"line":5,"column":7},"end":{"line":7,"column":1}},"loc":{"start":{"line":5,"column":7},"end":{"line":7,"column":1}},"line":5},"4":{"name":"addMoviesDetail","decl":{"start":{"line":9,"column":7},"end":{"line":11,"column":1}},"loc":{"start":{"line":9,"column":7},"end":{"line":11,"column":1}},"line":9},"5":{"name":"fetchMovieDetail","decl":{"start":{"line":13,"column":7},"end":{"line":24,"column":1}},"loc":{"start":{"line":13,"column":7},"end":{"line":24,"column":1}},"line":13},"6":{"name":"fetchMoviesList","decl":{"start":{"line":26,"column":7},"end":{"line":47,"column":1}},"loc":{"start":{"line":26,"column":7},"end":{"line":47,"column":1}},"line":26}},"f":{"0":3,"1":6,"2":0,"3":0,"4":0,"5":0,"6":1}}
,"/Users/vimal_m/Desktop/React-Webpack4 Starter Boilerpate/src/actions.js": {"path":"/Users/vimal_m/Desktop/React-Webpack4 Starter Boilerpate/src/actions.js","statementMap":{"0":{"start":{"line":1,"column":0},"end":{"line":1,"column":53}},"1":{"start":{"line":2,"column":0},"end":{"line":2,"column":49}},"2":{"start":{"line":3,"column":0},"end":{"line":3,"column":57}},"3":{"start":{"line":4,"column":0},"end":{"line":4,"column":53}}},"s":{"0":1,"1":1,"2":1,"3":1},"branchMap":{"0":{"type":"branch","line":4,"loc":{"start":{"line":4,"column":53},"end":{"line":4,"column":53}},"locations":[{"start":{"line":4,"column":53},"end":{"line":4,"column":53}}]},"1":{"type":"branch","line":4,"loc":{"start":{"line":4,"column":53},"end":{"line":4,"column":53}},"locations":[{"start":{"line":4,"column":53},"end":{"line":4,"column":53}}]},"2":{"type":"branch","line":4,"loc":{"start":{"line":4,"column":53},"end":{"line":4,"column":53}},"locations":[{"start":{"line":4,"column":53},"end":{"line":4,"column":53}}]},"3":{"type":"branch","line":4,"loc":{"start":{"line":4,"column":53},"end":{"line":4,"column":53}},"locations":[{"start":{"line":4,"column":53},"end":{"line":4,"column":53}}]},"4":{"type":"branch","line":4,"loc":{"start":{"line":4,"column":53},"end":{"line":4,"column":53}},"locations":[{"start":{"line":4,"column":53},"end":{"line":4,"column":53}}]},"5":{"type":"branch","line":4,"loc":{"start":{"line":4,"column":53},"end":{"line":4,"column":53}},"locations":[{"start":{"line":4,"column":53},"end":{"line":4,"column":53}}]},"6":{"type":"branch","line":4,"loc":{"start":{"line":4,"column":53},"end":{"line":4,"column":53}},"locations":[{"start":{"line":4,"column":53},"end":{"line":4,"column":53}}]},"7":{"type":"branch","line":4,"loc":{"start":{"line":4,"column":53},"end":{"line":4,"column":53}},"locations":[{"start":{"line":4,"column":53},"end":{"line":4,"column":53}}]},"8":{"type":"branch","line":4,"loc":{"start":{"line":4,"column":53},"end":{"line":4,"column":53}},"locations":[{"start":{"line":4,"column":53},"end":{"line":4,"column":53}}]},"9":{"type":"branch","line":4,"loc":{"start":{"line":4,"column":53},"end":{"line":4,"column":53}},"locations":[{"start":{"line":4,"column":53},"end":{"line":4,"column":53}}]},"10":{"type":"branch","line":4,"loc":{"start":{"line":4,"column":53},"end":{"line":4,"column":53}},"locations":[{"start":{"line":4,"column":53},"end":{"line":4,"column":53}}]},"11":{"type":"branch","line":4,"loc":{"start":{"line":4,"column":53},"end":{"line":4,"column":53}},"locations":[{"start":{"line":4,"column":53},"end":{"line":4,"column":53}}]}},"b":{"0":[3],"1":[3],"2":[0],"3":[3],"4":[0],"5":[0],"6":[3],"7":[0],"8":[0],"9":[3],"10":[0],"11":[0]},"fnMap":{"0":{"name":"Object.<anonymous>","decl":{"start":{"line":4,"column":53},"end":{"line":4,"column":53}},"loc":{"start":{"line":4,"column":53},"end":{"line":4,"column":53}},"line":4},"1":{"name":"Object.<anonymous>.__signature__","decl":{"start":{"line":4,"column":53},"end":{"line":4,"column":53}},"loc":{"start":{"line":4,"column":53},"end":{"line":4,"column":53}},"line":4}},"f":{"0":3,"1":0}}
,"/Users/vimal_m/Desktop/React-Webpack4 Starter Boilerpate/src/components/Button.js": {"path":"/Users/vimal_m/Desktop/React-Webpack4 Starter Boilerpate/src/components/Button.js","statementMap":{"0":{"start":{"line":1,"column":0},"end":{"line":1,"column":41}},"1":{"start":{"line":2,"column":0},"end":{"line":2,"column":36}},"2":{"start":{"line":3,"column":0},"end":{"line":3,"column":46}},"3":{"start":{"line":4,"column":0},"end":{"line":4,"column":40}},"4":{"start":{"line":5,"column":0},"end":{"line":5,"column":0}},"5":{"start":{"line":6,"column":0},"end":{"line":6,"column":3}},"6":{"start":{"line":7,"column":0},"end":{"line":7,"column":19}},"7":{"start":{"line":8,"column":0},"end":{"line":8,"column":3}},"8":{"start":{"line":9,"column":0},"end":{"line":9,"column":32}},"9":{"start":{"line":10,"column":0},"end":{"line":10,"column":24}},"10":{"start":{"line":11,"column":0},"end":{"line":11,"column":22}},"11":{"start":{"line":12,"column":0},"end":{"line":12,"column":19}},"12":{"start":{"line":13,"column":0},"end":{"line":13,"column":18}},"13":{"start":{"line":14,"column":0},"end":{"line":14,"column":6}},"14":{"start":{"line":15,"column":0},"end":{"line":15,"column":27}},"15":{"start":{"line":16,"column":0},"end":{"line":16,"column":30}},"16":{"start":{"line":17,"column":0},"end":{"line":17,"column":19}},"17":{"start":{"line":18,"column":0},"end":{"line":18,"column":18}},"18":{"start":{"line":19,"column":0},"end":{"line":19,"column":6}},"19":{"start":{"line":20,"column":0},"end":{"line":20,"column":14}},"20":{"start":{"line":21,"column":0},"end":{"line":21,"column":51}},"21":{"start":{"line":22,"column":0},"end":{"line":22,"column":16}},"22":{"start":{"line":23,"column":0},"end":{"line":23,"column":16}},"23":{"start":{"line":24,"column":0},"end":{"line":24,"column":36}},"24":{"start":{"line":25,"column":0},"end":{"line":25,"column":44}},"25":{"start":{"line":26,"column":0},"end":{"line":26,"column":24}},"26":{"start":{"line":27,"column":0},"end":{"line":27,"column":52}},"27":{"start":{"line":28,"column":0},"end":{"line":28,"column":18}},"28":{"start":{"line":29,"column":0},"end":{"line":29,"column":33}},"29":{"start":{"line":30,"column":0},"end":{"line":30,"column":19}},"30":{"start":{"line":31,"column":0},"end":{"line":31,"column":10}},"31":{"start":{"line":32,"column":0},"end":{"line":32,"column":5}},"32":{"start":{"line":33,"column":0},"end":{"line":33,"column":1}},"33":{"start":{"line":34,"column":0},"end":{"line":34,"column":0}},"34":{"start":{"line":35,"column":0},"end":{"line":35,"column":22}},"35":{"start":{"line":36,"column":0},"end":{"line":36,"column":0}},"36":{"start":{"line":37,"column":0},"end":{"line":37,"column":36}},"37":{"start":{"line":38,"column":0},"end":{"line":38,"column":23}},"38":{"start":{"line":39,"column":0},"end":{"line":39,"column":20}},"39":{"start":{"line":40,"column":0},"end":{"line":40,"column":13}},"40":{"start":{"line":41,"column":0},"end":{"line":41,"column":22}},"41":{"start":{"line":42,"column":0},"end":{"line":42,"column":16}},"42":{"start":{"line":43,"column":0},"end":{"line":43,"column":17}},"43":{"start":{"line":44,"column":0},"end":{"line":44,"column":36}},"44":{"start":{"line":45,"column":0},"end":{"line":45,"column":46}},"45":{"start":{"line":46,"column":0},"end":{"line":46,"column":26}},"46":{"start":{"line":47,"column":0},"end":{"line":47,"column":33}},"47":{"start":{"line":48,"column":0},"end":{"line":48,"column":35}},"48":{"start":{"line":49,"column":0},"end":{"line":49,"column":23}},"49":{"start":{"line":50,"column":0},"end":{"line":50,"column":18}},"50":{"start":{"line":51,"column":0},"end":{"line":51,"column":25}},"51":{"start":{"line":52,"column":0},"end":{"line":52,"column":11}},"52":{"start":{"line":53,"column":0},"end":{"line":53,"column":14}},"53":{"start":{"line":54,"column":0},"end":{"line":54,"column":3}},"54":{"start":{"line":55,"column":0},"end":{"line":55,"column":11}},"55":{"start":{"line":56,"column":0},"end":{"line":56,"column":15}},"56":{"start":{"line":57,"column":0},"end":{"line":57,"column":30}},"57":{"start":{"line":58,"column":0},"end":{"line":58,"column":4}},"58":{"start":{"line":59,"column":0},"end":{"line":59,"column":2}}},"s":{"0":1,"1":1,"2":1,"3":1,"4":1,"5":1,"6":1,"7":1,"8":1,"9":1,"10":1,"11":1,"12":1,"13":1,"14":1,"15":1,"16":1,"17":1,"18":1,"19":1,"20":6,"21":6,"22":6,"23":6,"24":6,"25":6,"26":6,"27":6,"28":6,"29":6,"30":6,"31":6,"32":1,"33":1,"34":1,"35":1,"36":1,"37":1,"38":1,"39":1,"40":1,"41":1,"42":1,"43":1,"44":1,"45":1,"46":1,"47":1,"48":1,"49":1,"50":1,"51":1,"52":1,"53":1,"54":1,"55":1,"56":1,"57":1,"58":1},"branchMap":{"0":{"type":"branch","line":59,"loc":{"start":{"line":59,"column":2},"end":{"line":59,"column":2}},"locations":[{"start":{"line":59,"column":2},"end":{"line":59,"column":2}}]},"1":{"type":"branch","line":59,"loc":{"start":{"line":59,"column":2},"end":{"line":59,"column":2}},"locations":[{"start":{"line":59,"column":2},"end":{"line":59,"column":2}}]},"2":{"type":"branch","line":59,"loc":{"start":{"line":59,"column":2},"end":{"line":59,"column":2}},"locations":[{"start":{"line":59,"column":2},"end":{"line":59,"column":2}}]},"3":{"type":"branch","line":59,"loc":{"start":{"line":59,"column":2},"end":{"line":59,"column":2}},"locations":[{"start":{"line":59,"column":2},"end":{"line":59,"column":2}}]},"4":{"type":"branch","line":59,"loc":{"start":{"line":59,"column":2},"end":{"line":59,"column":2}},"locations":[{"start":{"line":59,"column":2},"end":{"line":59,"column":2}}]},"5":{"type":"branch","line":59,"loc":{"start":{"line":59,"column":2},"end":{"line":59,"column":2}},"locations":[{"start":{"line":59,"column":2},"end":{"line":59,"column":2}}]},"6":{"type":"branch","line":59,"loc":{"start":{"line":59,"column":2},"end":{"line":59,"column":2}},"locations":[{"start":{"line":59,"column":2},"end":{"line":59,"column":2}}]},"7":{"type":"branch","line":59,"loc":{"start":{"line":59,"column":2},"end":{"line":59,"column":2}},"locations":[{"start":{"line":59,"column":2},"end":{"line":59,"column":2}}]},"8":{"type":"branch","line":59,"loc":{"start":{"line":59,"column":2},"end":{"line":59,"column":2}},"locations":[{"start":{"line":59,"column":2},"end":{"line":59,"column":2}}]},"9":{"type":"branch","line":59,"loc":{"start":{"line":59,"column":2},"end":{"line":59,"column":2}},"locations":[{"start":{"line":59,"column":2},"end":{"line":59,"column":2}}]},"10":{"type":"branch","line":59,"loc":{"start":{"line":59,"column":2},"end":{"line":59,"column":2}},"locations":[{"start":{"line":59,"column":2},"end":{"line":59,"column":2}}]},"11":{"type":"branch","line":59,"loc":{"start":{"line":59,"column":2},"end":{"line":59,"column":2}},"locations":[{"start":{"line":59,"column":2},"end":{"line":59,"column":2}}]},"12":{"type":"branch","line":59,"loc":{"start":{"line":59,"column":2},"end":{"line":59,"column":2}},"locations":[{"start":{"line":59,"column":2},"end":{"line":59,"column":2}}]},"13":{"type":"branch","line":59,"loc":{"start":{"line":59,"column":2},"end":{"line":59,"column":2}},"locations":[{"start":{"line":59,"column":2},"end":{"line":59,"column":2}}]},"14":{"type":"branch","line":59,"loc":{"start":{"line":59,"column":2},"end":{"line":59,"column":2}},"locations":[{"start":{"line":59,"column":2},"end":{"line":59,"column":2}}]},"15":{"type":"branch","line":59,"loc":{"start":{"line":59,"column":2},"end":{"line":59,"column":2}},"locations":[{"start":{"line":59,"column":2},"end":{"line":59,"column":2}}]},"16":{"type":"branch","line":59,"loc":{"start":{"line":59,"column":2},"end":{"line":59,"column":2}},"locations":[{"start":{"line":59,"column":2},"end":{"line":59,"column":2}}]},"17":{"type":"branch","line":59,"loc":{"start":{"line":59,"column":2},"end":{"line":59,"column":2}},"locations":[{"start":{"line":59,"column":2},"end":{"line":59,"column":2}}]},"18":{"type":"branch","line":59,"loc":{"start":{"line":59,"column":2},"end":{"line":59,"column":2}},"locations":[{"start":{"line":59,"column":2},"end":{"line":59,"column":2}}]},"19":{"type":"branch","line":59,"loc":{"start":{"line":59,"column":2},"end":{"line":59,"column":2}},"locations":[{"start":{"line":59,"column":2},"end":{"line":59,"column":2}}]},"20":{"type":"branch","line":9,"loc":{"start":{"line":9,"column":0},"end":{"line":9,"column":6}},"locations":[{"start":{"line":9,"column":0},"end":{"line":9,"column":6}}]},"21":{"type":"branch","line":20,"loc":{"start":{"line":20,"column":4},"end":{"line":32,"column":5}},"locations":[{"start":{"line":20,"column":4},"end":{"line":32,"column":5}}]},"22":{"type":"branch","line":27,"loc":{"start":{"line":27,"column":33},"end":{"line":27,"column":46}},"locations":[{"start":{"line":27,"column":33},"end":{"line":27,"column":46}}]},"23":{"type":"branch","line":27,"loc":{"start":{"line":27,"column":33},"end":{"line":27,"column":52}},"locations":[{"start":{"line":27,"column":33},"end":{"line":27,"column":52}}]},"24":{"type":"branch","line":51,"loc":{"start":{"line":51,"column":6},"end":{"line":51,"column":11}},"locations":[{"start":{"line":51,"column":6},"end":{"line":51,"column":11}}]},"25":{"type":"branch","line":59,"loc":{"start":{"line":59,"column":2},"end":{"line":59,"column":2}},"locations":[{"start":{"line":59,"column":2},"end":{"line":59,"column":2}}]},"26":{"type":"branch","line":59,"loc":{"start":{"line":59,"column":2},"end":{"line":59,"column":2}},"locations":[{"start":{"line":59,"column":2},"end":{"line":59,"column":2}}]},"27":{"type":"branch","line":59,"loc":{"start":{"line":59,"column":2},"end":{"line":59,"column":2}},"locations":[{"start":{"line":59,"column":2},"end":{"line":59,"column":2}}]},"28":{"type":"branch","line":59,"loc":{"start":{"line":59,"column":2},"end":{"line":59,"column":2}},"locations":[{"start":{"line":59,"column":2},"end":{"line":59,"column":2}}]},"29":{"type":"branch","line":59,"loc":{"start":{"line":59,"column":2},"end":{"line":59,"column":2}},"locations":[{"start":{"line":59,"column":2},"end":{"line":59,"column":2}}]},"30":{"type":"branch","line":59,"loc":{"start":{"line":59,"column":2},"end":{"line":59,"column":2}},"locations":[{"start":{"line":59,"column":2},"end":{"line":59,"column":2}}]}},"b":{"0":[6],"1":[6],"2":[0],"3":[6],"4":[0],"5":[6],"6":[0],"7":[6],"8":[0],"9":[0],"10":[0],"11":[0],"12":[168],"13":[0],"14":[0],"15":[6],"16":[0],"17":[0],"18":[12],"19":[0],"20":[6],"21":[6],"22":[5],"23":[1],"24":[5],"25":[6],"26":[0],"27":[0],"28":[6],"29":[0],"30":[0]},"fnMap":{"0":{"name":"Object.<anonymous>","decl":{"start":{"line":59,"column":2},"end":{"line":59,"column":2}},"loc":{"start":{"line":59,"column":2},"end":{"line":59,"column":2}},"line":59},"1":{"name":"_interopRequireDefault","decl":{"start":{"line":59,"column":2},"end":{"line":59,"column":2}},"loc":{"start":{"line":59,"column":2},"end":{"line":59,"column":2}},"line":59},"2":{"name":"_getRequireWildcardCache","decl":{"start":{"line":59,"column":2},"end":{"line":59,"column":2}},"loc":{"start":{"line":59,"column":2},"end":{"line":59,"column":2}},"line":59},"3":{"name":"_getRequireWildcardCache","decl":{"start":{"line":59,"column":2},"end":{"line":59,"column":2}},"loc":{"start":{"line":59,"column":2},"end":{"line":59,"column":2}},"line":59},"4":{"name":"_interopRequireWildcard","decl":{"start":{"line":59,"column":2},"end":{"line":59,"column":2}},"loc":{"start":{"line":59,"column":2},"end":{"line":59,"column":2}},"line":59},"5":{"name":"_defineProperty","decl":{"start":{"line":59,"column":2},"end":{"line":59,"column":2}},"loc":{"start":{"line":59,"column":2},"end":{"line":59,"column":2}},"line":59},"6":{"name":"Object.<anonymous>.__signature__","decl":{"start":{"line":59,"column":2},"end":{"line":59,"column":2}},"loc":{"start":{"line":59,"column":2},"end":{"line":59,"column":2}},"line":59},"7":{"name":"Button","decl":{"start":{"line":9,"column":0},"end":{"line":9,"column":6}},"loc":{"start":{"line":9,"column":0},"end":{"line":9,"column":6}},"line":9},"8":{"name":"render","decl":{"start":{"line":20,"column":4},"end":{"line":32,"column":5}},"loc":{"start":{"line":20,"column":4},"end":{"line":32,"column":5}},"line":20},"9":{"name":"__reactstandin__regenerateByEval","decl":{"start":{"line":9,"column":31},"end":{"line":9,"column":32}},"loc":{"start":{"line":9,"column":31},"end":{"line":9,"column":32}},"line":9},"10":{"name":"onClick","decl":{"start":{"line":16,"column":18},"end":{"line":16,"column":30}},"loc":{"start":{"line":16,"column":18},"end":{"line":16,"column":30}},"line":16}},"f":{"0":6,"1":6,"2":6,"3":0,"4":6,"5":12,"6":0,"7":6,"8":6,"9":0,"10":0}}
,"/Users/vimal_m/Desktop/React-Webpack4 Starter Boilerpate/src/components/DetailsHeader.js": {"path":"/Users/vimal_m/Desktop/React-Webpack4 Starter Boilerpate/src/components/DetailsHeader.js","statementMap":{"0":{"start":{"line":1,"column":0},"end":{"line":1,"column":41}},"1":{"start":{"line":2,"column":0},"end":{"line":2,"column":38}},"2":{"start":{"line":3,"column":0},"end":{"line":3,"column":36}},"3":{"start":{"line":4,"column":0},"end":{"line":4,"column":44}},"4":{"start":{"line":5,"column":0},"end":{"line":5,"column":46}},"5":{"start":{"line":6,"column":0},"end":{"line":6,"column":44}},"6":{"start":{"line":7,"column":0},"end":{"line":7,"column":0}},"7":{"start":{"line":8,"column":0},"end":{"line":8,"column":3}},"8":{"start":{"line":9,"column":0},"end":{"line":9,"column":27}},"9":{"start":{"line":10,"column":0},"end":{"line":10,"column":3}},"10":{"start":{"line":11,"column":0},"end":{"line":11,"column":39}},"11":{"start":{"line":12,"column":0},"end":{"line":12,"column":24}},"12":{"start":{"line":13,"column":0},"end":{"line":13,"column":19}},"13":{"start":{"line":14,"column":0},"end":{"line":14,"column":28}},"14":{"start":{"line":15,"column":0},"end":{"line":15,"column":24}},"15":{"start":{"line":16,"column":0},"end":{"line":16,"column":6}},"16":{"start":{"line":17,"column":0},"end":{"line":17,"column":27}},"17":{"start":{"line":18,"column":0},"end":{"line":18,"column":19}},"18":{"start":{"line":19,"column":0},"end":{"line":19,"column":22}},"19":{"start":{"line":20,"column":0},"end":{"line":20,"column":22}},"20":{"start":{"line":21,"column":0},"end":{"line":21,"column":10}},"21":{"start":{"line":22,"column":0},"end":{"line":22,"column":20}},"22":{"start":{"line":23,"column":0},"end":{"line":23,"column":6}},"23":{"start":{"line":24,"column":0},"end":{"line":24,"column":14}},"24":{"start":{"line":25,"column":0},"end":{"line":25,"column":49}},"25":{"start":{"line":26,"column":0},"end":{"line":26,"column":64}},"26":{"start":{"line":27,"column":0},"end":{"line":27,"column":40}},"27":{"start":{"line":28,"column":0},"end":{"line":28,"column":16}},"28":{"start":{"line":29,"column":0},"end":{"line":29,"column":40}},"29":{"start":{"line":30,"column":0},"end":{"line":30,"column":30}},"30":{"start":{"line":31,"column":0},"end":{"line":31,"column":37}},"31":{"start":{"line":32,"column":0},"end":{"line":32,"column":25}},"32":{"start":{"line":33,"column":0},"end":{"line":33,"column":45}},"33":{"start":{"line":34,"column":0},"end":{"line":34,"column":58}},"34":{"start":{"line":35,"column":0},"end":{"line":35,"column":22}},"35":{"start":{"line":36,"column":0},"end":{"line":36,"column":33}},"36":{"start":{"line":37,"column":0},"end":{"line":37,"column":69}},"37":{"start":{"line":38,"column":0},"end":{"line":38,"column":79}},"38":{"start":{"line":39,"column":0},"end":{"line":39,"column":22}},"39":{"start":{"line":40,"column":0},"end":{"line":40,"column":18}},"40":{"start":{"line":41,"column":0},"end":{"line":41,"column":10}},"41":{"start":{"line":42,"column":0},"end":{"line":42,"column":5}},"42":{"start":{"line":43,"column":0},"end":{"line":43,"column":1}},"43":{"start":{"line":44,"column":0},"end":{"line":44,"column":0}},"44":{"start":{"line":45,"column":0},"end":{"line":45,"column":47}},"45":{"start":{"line":46,"column":0},"end":{"line":46,"column":48}},"46":{"start":{"line":47,"column":0},"end":{"line":47,"column":3}},"47":{"start":{"line":48,"column":0},"end":{"line":48,"column":0}},"48":{"start":{"line":49,"column":0},"end":{"line":49,"column":67}},"49":{"start":{"line":50,"column":0},"end":{"line":50,"column":0}},"50":{"start":{"line":51,"column":0},"end":{"line":51,"column":30}},"51":{"start":{"line":52,"column":0},"end":{"line":52,"column":23}},"52":{"start":{"line":53,"column":0},"end":{"line":53,"column":36}},"53":{"start":{"line":54,"column":0},"end":{"line":54,"column":27}},"54":{"start":{"line":55,"column":0},"end":{"line":55,"column":36}},"55":{"start":{"line":56,"column":0},"end":{"line":56,"column":31}},"56":{"start":{"line":57,"column":0},"end":{"line":57,"column":22}},"57":{"start":{"line":58,"column":0},"end":{"line":58,"column":31}},"58":{"start":{"line":59,"column":0},"end":{"line":59,"column":26}},"59":{"start":{"line":60,"column":0},"end":{"line":60,"column":22}},"60":{"start":{"line":61,"column":0},"end":{"line":61,"column":5}},"61":{"start":{"line":62,"column":0},"end":{"line":62,"column":31}},"62":{"start":{"line":63,"column":0},"end":{"line":63,"column":26}},"63":{"start":{"line":64,"column":0},"end":{"line":64,"column":22}},"64":{"start":{"line":65,"column":0},"end":{"line":65,"column":5}},"65":{"start":{"line":66,"column":0},"end":{"line":66,"column":18}},"66":{"start":{"line":67,"column":0},"end":{"line":67,"column":27}},"67":{"start":{"line":68,"column":0},"end":{"line":68,"column":20}},"68":{"start":{"line":69,"column":0},"end":{"line":69,"column":21}},"69":{"start":{"line":70,"column":0},"end":{"line":70,"column":22}},"70":{"start":{"line":71,"column":0},"end":{"line":71,"column":32}},"71":{"start":{"line":72,"column":0},"end":{"line":72,"column":48}},"72":{"start":{"line":73,"column":0},"end":{"line":73,"column":18}},"73":{"start":{"line":74,"column":0},"end":{"line":74,"column":27}},"74":{"start":{"line":75,"column":0},"end":{"line":75,"column":24}},"75":{"start":{"line":76,"column":0},"end":{"line":76,"column":39}},"76":{"start":{"line":77,"column":0},"end":{"line":77,"column":33}},"77":{"start":{"line":78,"column":0},"end":{"line":78,"column":13}},"78":{"start":{"line":79,"column":0},"end":{"line":79,"column":39}},"79":{"start":{"line":80,"column":0},"end":{"line":80,"column":31}},"80":{"start":{"line":81,"column":0},"end":{"line":81,"column":13}},"81":{"start":{"line":82,"column":0},"end":{"line":82,"column":39}},"82":{"start":{"line":83,"column":0},"end":{"line":83,"column":33}},"83":{"start":{"line":84,"column":0},"end":{"line":84,"column":13}},"84":{"start":{"line":85,"column":0},"end":{"line":85,"column":9}},"85":{"start":{"line":86,"column":0},"end":{"line":86,"column":5}},"86":{"start":{"line":87,"column":0},"end":{"line":87,"column":2}}},"s":{"0":1,"1":1,"2":1,"3":1,"4":1,"5":1,"6":1,"7":1,"8":1,"9":1,"10":1,"11":1,"12":1,"13":1,"14":1,"15":1,"16":1,"17":1,"18":1,"19":1,"20":1,"21":1,"22":1,"23":1,"24":2,"25":2,"26":2,"27":2,"28":2,"29":2,"30":2,"31":2,"32":2,"33":2,"34":2,"35":2,"36":2,"37":2,"38":2,"39":2,"40":2,"41":2,"42":1,"43":1,"44":1,"45":1,"46":1,"47":1,"48":1,"49":1,"50":1,"51":1,"52":1,"53":1,"54":1,"55":1,"56":1,"57":1,"58":1,"59":1,"60":1,"61":1,"62":1,"63":1,"64":1,"65":1,"66":1,"67":1,"68":1,"69":1,"70":1,"71":1,"72":1,"73":1,"74":1,"75":1,"76":1,"77":1,"78":1,"79":1,"80":1,"81":1,"82":1,"83":1,"84":1,"85":1,"86":1},"branchMap":{"0":{"type":"branch","line":87,"loc":{"start":{"line":87,"column":2},"end":{"line":87,"column":2}},"locations":[{"start":{"line":87,"column":2},"end":{"line":87,"column":2}}]},"1":{"type":"branch","line":87,"loc":{"start":{"line":87,"column":2},"end":{"line":87,"column":2}},"locations":[{"start":{"line":87,"column":2},"end":{"line":87,"column":2}}]},"2":{"type":"branch","line":87,"loc":{"start":{"line":87,"column":2},"end":{"line":87,"column":2}},"locations":[{"start":{"line":87,"column":2},"end":{"line":87,"column":2}}]},"3":{"type":"branch","line":87,"loc":{"start":{"line":87,"column":2},"end":{"line":87,"column":2}},"locations":[{"start":{"line":87,"column":2},"end":{"line":87,"column":2}}]},"4":{"type":"branch","line":87,"loc":{"start":{"line":87,"column":2},"end":{"line":87,"column":2}},"locations":[{"start":{"line":87,"column":2},"end":{"line":87,"column":2}}]},"5":{"type":"branch","line":87,"loc":{"start":{"line":87,"column":2},"end":{"line":87,"column":2}},"locations":[{"start":{"line":87,"column":2},"end":{"line":87,"column":2}}]},"6":{"type":"branch","line":87,"loc":{"start":{"line":87,"column":2},"end":{"line":87,"column":2}},"locations":[{"start":{"line":87,"column":2},"end":{"line":87,"column":2}}]},"7":{"type":"branch","line":87,"loc":{"start":{"line":87,"column":2},"end":{"line":87,"column":2}},"locations":[{"start":{"line":87,"column":2},"end":{"line":87,"column":2}}]},"8":{"type":"branch","line":87,"loc":{"start":{"line":87,"column":2},"end":{"line":87,"column":2}},"locations":[{"start":{"line":87,"column":2},"end":{"line":87,"column":2}}]},"9":{"type":"branch","line":87,"loc":{"start":{"line":87,"column":2},"end":{"line":87,"column":2}},"locations":[{"start":{"line":87,"column":2},"end":{"line":87,"column":2}}]},"10":{"type":"branch","line":87,"loc":{"start":{"line":87,"column":2},"end":{"line":87,"column":2}},"locations":[{"start":{"line":87,"column":2},"end":{"line":87,"column":2}}]},"11":{"type":"branch","line":87,"loc":{"start":{"line":87,"column":2},"end":{"line":87,"column":2}},"locations":[{"start":{"line":87,"column":2},"end":{"line":87,"column":2}}]},"12":{"type":"branch","line":87,"loc":{"start":{"line":87,"column":2},"end":{"line":87,"column":2}},"locations":[{"start":{"line":87,"column":2},"end":{"line":87,"column":2}}]},"13":{"type":"branch","line":87,"loc":{"start":{"line":87,"column":2},"end":{"line":87,"column":2}},"locations":[{"start":{"line":87,"column":2},"end":{"line":87,"column":2}}]},"14":{"type":"branch","line":87,"loc":{"start":{"line":87,"column":2},"end":{"line":87,"column":2}},"locations":[{"start":{"line":87,"column":2},"end":{"line":87,"column":2}}]},"15":{"type":"branch","line":87,"loc":{"start":{"line":87,"column":2},"end":{"line":87,"column":2}},"locations":[{"start":{"line":87,"column":2},"end":{"line":87,"column":2}}]},"16":{"type":"branch","line":87,"loc":{"start":{"line":87,"column":2},"end":{"line":87,"column":2}},"locations":[{"start":{"line":87,"column":2},"end":{"line":87,"column":2}}]},"17":{"type":"branch","line":87,"loc":{"start":{"line":87,"column":2},"end":{"line":87,"column":2}},"locations":[{"start":{"line":87,"column":2},"end":{"line":87,"column":2}}]},"18":{"type":"branch","line":87,"loc":{"start":{"line":87,"column":2},"end":{"line":87,"column":2}},"locations":[{"start":{"line":87,"column":2},"end":{"line":87,"column":2}}]},"19":{"type":"branch","line":87,"loc":{"start":{"line":87,"column":2},"end":{"line":87,"column":2}},"locations":[{"start":{"line":87,"column":2},"end":{"line":87,"column":2}}]},"20":{"type":"branch","line":11,"loc":{"start":{"line":11,"column":0},"end":{"line":11,"column":6}},"locations":[{"start":{"line":11,"column":0},"end":{"line":11,"column":6}}]},"21":{"type":"branch","line":24,"loc":{"start":{"line":24,"column":4},"end":{"line":42,"column":5}},"locations":[{"start":{"line":24,"column":4},"end":{"line":42,"column":5}}]},"22":{"type":"branch","line":25,"loc":{"start":{"line":25,"column":37},"end":{"line":25,"column":44}},"locations":[{"start":{"line":25,"column":37},"end":{"line":25,"column":44}}]},"23":{"type":"branch","line":45,"loc":{"start":{"line":45,"column":24},"end":{"line":45,"column":25}},"locations":[{"start":{"line":45,"column":24},"end":{"line":45,"column":25}}]},"24":{"type":"branch","line":87,"loc":{"start":{"line":87,"column":2},"end":{"line":87,"column":2}},"locations":[{"start":{"line":87,"column":2},"end":{"line":87,"column":2}}]},"25":{"type":"branch","line":87,"loc":{"start":{"line":87,"column":2},"end":{"line":87,"column":2}},"locations":[{"start":{"line":87,"column":2},"end":{"line":87,"column":2}}]},"26":{"type":"branch","line":87,"loc":{"start":{"line":87,"column":2},"end":{"line":87,"column":2}},"locations":[{"start":{"line":87,"column":2},"end":{"line":87,"column":2}}]},"27":{"type":"branch","line":87,"loc":{"start":{"line":87,"column":2},"end":{"line":87,"column":2}},"locations":[{"start":{"line":87,"column":2},"end":{"line":87,"column":2}}]},"28":{"type":"branch","line":87,"loc":{"start":{"line":87,"column":2},"end":{"line":87,"column":2}},"locations":[{"start":{"line":87,"column":2},"end":{"line":87,"column":2}}]},"29":{"type":"branch","line":87,"loc":{"start":{"line":87,"column":2},"end":{"line":87,"column":2}},"locations":[{"start":{"line":87,"column":2},"end":{"line":87,"column":2}}]}},"b":{"0":[1],"1":[1],"2":[0],"3":[1],"4":[0],"5":[1],"6":[0],"7":[1],"8":[0],"9":[0],"10":[0],"11":[0],"12":[28],"13":[0],"14":[0],"15":[1],"16":[0],"17":[0],"18":[2],"19":[0],"20":[2],"21":[2],"22":[0],"23":[2],"24":[1],"25":[0],"26":[0],"27":[1],"28":[0],"29":[0]},"fnMap":{"0":{"name":"Object.<anonymous>","decl":{"start":{"line":87,"column":2},"end":{"line":87,"column":2}},"loc":{"start":{"line":87,"column":2},"end":{"line":87,"column":2}},"line":87},"1":{"name":"_interopRequireDefault","decl":{"start":{"line":87,"column":2},"end":{"line":87,"column":2}},"loc":{"start":{"line":87,"column":2},"end":{"line":87,"column":2}},"line":87},"2":{"name":"_getRequireWildcardCache","decl":{"start":{"line":87,"column":2},"end":{"line":87,"column":2}},"loc":{"start":{"line":87,"column":2},"end":{"line":87,"column":2}},"line":87},"3":{"name":"_getRequireWildcardCache","decl":{"start":{"line":87,"column":2},"end":{"line":87,"column":2}},"loc":{"start":{"line":87,"column":2},"end":{"line":87,"column":2}},"line":87},"4":{"name":"_interopRequireWildcard","decl":{"start":{"line":87,"column":2},"end":{"line":87,"column":2}},"loc":{"start":{"line":87,"column":2},"end":{"line":87,"column":2}},"line":87},"5":{"name":"_defineProperty","decl":{"start":{"line":87,"column":2},"end":{"line":87,"column":2}},"loc":{"start":{"line":87,"column":2},"end":{"line":87,"column":2}},"line":87},"6":{"name":"Object.<anonymous>.__signature__","decl":{"start":{"line":87,"column":2},"end":{"line":87,"column":2}},"loc":{"start":{"line":87,"column":2},"end":{"line":87,"column":2}},"line":87},"7":{"name":"DetailsHeader","decl":{"start":{"line":11,"column":0},"end":{"line":11,"column":6}},"loc":{"start":{"line":11,"column":0},"end":{"line":11,"column":6}},"line":11},"8":{"name":"render","decl":{"start":{"line":24,"column":4},"end":{"line":42,"column":5}},"loc":{"start":{"line":24,"column":4},"end":{"line":42,"column":5}},"line":24},"9":{"name":"__reactstandin__regenerateByEval","decl":{"start":{"line":11,"column":38},"end":{"line":11,"column":39}},"loc":{"start":{"line":11,"column":38},"end":{"line":11,"column":39}},"line":11},"10":{"name":"mapStateToProps","decl":{"start":{"line":45,"column":24},"end":{"line":45,"column":25}},"loc":{"start":{"line":45,"column":24},"end":{"line":45,"column":25}},"line":45}},"f":{"0":1,"1":1,"2":1,"3":0,"4":1,"5":2,"6":0,"7":2,"8":2,"9":0,"10":2}}
,"/Users/vimal_m/Desktop/React-Webpack4 Starter Boilerpate/src/components/HorizontalList.js": {"path":"/Users/vimal_m/Desktop/React-Webpack4 Starter Boilerpate/src/components/HorizontalList.js","statementMap":{"0":{"start":{"line":1,"column":0},"end":{"line":1,"column":41}},"1":{"start":{"line":2,"column":0},"end":{"line":2,"column":36}},"2":{"start":{"line":3,"column":0},"end":{"line":3,"column":30}},"3":{"start":{"line":4,"column":0},"end":{"line":4,"column":45}},"4":{"start":{"line":5,"column":0},"end":{"line":5,"column":0}},"5":{"start":{"line":6,"column":0},"end":{"line":6,"column":31}},"6":{"start":{"line":7,"column":0},"end":{"line":7,"column":40}},"7":{"start":{"line":8,"column":0},"end":{"line":8,"column":24}},"8":{"start":{"line":9,"column":0},"end":{"line":9,"column":70}},"9":{"start":{"line":10,"column":0},"end":{"line":10,"column":23}},"10":{"start":{"line":11,"column":0},"end":{"line":11,"column":6}},"11":{"start":{"line":12,"column":0},"end":{"line":12,"column":27}},"12":{"start":{"line":13,"column":0},"end":{"line":13,"column":44}},"13":{"start":{"line":14,"column":0},"end":{"line":14,"column":6}},"14":{"start":{"line":15,"column":0},"end":{"line":15,"column":13}},"15":{"start":{"line":16,"column":0},"end":{"line":16,"column":20}},"16":{"start":{"line":17,"column":0},"end":{"line":17,"column":24}},"17":{"start":{"line":18,"column":0},"end":{"line":18,"column":33}},"18":{"start":{"line":19,"column":0},"end":{"line":19,"column":32}},"19":{"start":{"line":20,"column":0},"end":{"line":20,"column":6}},"20":{"start":{"line":21,"column":0},"end":{"line":21,"column":32}},"21":{"start":{"line":22,"column":0},"end":{"line":22,"column":37}},"22":{"start":{"line":23,"column":0},"end":{"line":23,"column":0}},"23":{"start":{"line":24,"column":0},"end":{"line":24,"column":25}},"24":{"start":{"line":25,"column":0},"end":{"line":25,"column":39}},"25":{"start":{"line":26,"column":0},"end":{"line":26,"column":26}},"26":{"start":{"line":27,"column":0},"end":{"line":27,"column":39}},"27":{"start":{"line":28,"column":0},"end":{"line":28,"column":40}},"28":{"start":{"line":29,"column":0},"end":{"line":29,"column":13}},"29":{"start":{"line":30,"column":0},"end":{"line":30,"column":14}},"30":{"start":{"line":31,"column":0},"end":{"line":31,"column":57}},"31":{"start":{"line":32,"column":0},"end":{"line":32,"column":5}},"32":{"start":{"line":33,"column":0},"end":{"line":33,"column":0}},"33":{"start":{"line":34,"column":0},"end":{"line":34,"column":28}},"34":{"start":{"line":35,"column":0},"end":{"line":35,"column":60}},"35":{"start":{"line":36,"column":0},"end":{"line":36,"column":5}},"36":{"start":{"line":37,"column":0},"end":{"line":37,"column":0}},"37":{"start":{"line":38,"column":0},"end":{"line":38,"column":30}},"38":{"start":{"line":39,"column":0},"end":{"line":39,"column":67}},"39":{"start":{"line":40,"column":0},"end":{"line":40,"column":73}},"40":{"start":{"line":41,"column":0},"end":{"line":41,"column":73}},"41":{"start":{"line":42,"column":0},"end":{"line":42,"column":61}},"42":{"start":{"line":43,"column":0},"end":{"line":43,"column":79}},"43":{"start":{"line":44,"column":0},"end":{"line":44,"column":58}},"44":{"start":{"line":45,"column":0},"end":{"line":45,"column":38}},"45":{"start":{"line":46,"column":0},"end":{"line":46,"column":10}},"46":{"start":{"line":47,"column":0},"end":{"line":47,"column":75}},"47":{"start":{"line":48,"column":0},"end":{"line":48,"column":57}},"48":{"start":{"line":49,"column":0},"end":{"line":49,"column":79}},"49":{"start":{"line":50,"column":0},"end":{"line":50,"column":16}},"50":{"start":{"line":51,"column":0},"end":{"line":51,"column":62}},"51":{"start":{"line":52,"column":0},"end":{"line":52,"column":33}},"52":{"start":{"line":53,"column":0},"end":{"line":53,"column":10}},"53":{"start":{"line":54,"column":0},"end":{"line":54,"column":59}},"54":{"start":{"line":55,"column":0},"end":{"line":55,"column":42}},"55":{"start":{"line":56,"column":0},"end":{"line":56,"column":51}},"56":{"start":{"line":57,"column":0},"end":{"line":57,"column":59}},"57":{"start":{"line":58,"column":0},"end":{"line":58,"column":10}},"58":{"start":{"line":59,"column":0},"end":{"line":59,"column":35}},"59":{"start":{"line":60,"column":0},"end":{"line":60,"column":21}},"60":{"start":{"line":61,"column":0},"end":{"line":61,"column":31}},"61":{"start":{"line":62,"column":0},"end":{"line":62,"column":45}},"62":{"start":{"line":63,"column":0},"end":{"line":63,"column":53}},"63":{"start":{"line":64,"column":0},"end":{"line":64,"column":27}},"64":{"start":{"line":65,"column":0},"end":{"line":65,"column":26}},"65":{"start":{"line":66,"column":0},"end":{"line":66,"column":12}},"66":{"start":{"line":67,"column":0},"end":{"line":67,"column":6}},"67":{"start":{"line":68,"column":0},"end":{"line":68,"column":0}},"68":{"start":{"line":69,"column":0},"end":{"line":69,"column":22}},"69":{"start":{"line":70,"column":0},"end":{"line":70,"column":37}},"70":{"start":{"line":71,"column":0},"end":{"line":71,"column":36}},"71":{"start":{"line":72,"column":0},"end":{"line":72,"column":34}},"72":{"start":{"line":73,"column":0},"end":{"line":73,"column":11}},"73":{"start":{"line":74,"column":0},"end":{"line":74,"column":6}},"74":{"start":{"line":75,"column":0},"end":{"line":75,"column":0}},"75":{"start":{"line":76,"column":0},"end":{"line":76,"column":28}},"76":{"start":{"line":77,"column":0},"end":{"line":77,"column":44}},"77":{"start":{"line":78,"column":0},"end":{"line":78,"column":15}},"78":{"start":{"line":79,"column":0},"end":{"line":79,"column":22}},"79":{"start":{"line":80,"column":0},"end":{"line":80,"column":23}},"80":{"start":{"line":81,"column":0},"end":{"line":81,"column":33}},"81":{"start":{"line":82,"column":0},"end":{"line":82,"column":38}},"82":{"start":{"line":83,"column":0},"end":{"line":83,"column":25}},"83":{"start":{"line":84,"column":0},"end":{"line":84,"column":53}},"84":{"start":{"line":85,"column":0},"end":{"line":85,"column":58}},"85":{"start":{"line":86,"column":0},"end":{"line":86,"column":70}},"86":{"start":{"line":87,"column":0},"end":{"line":87,"column":6}},"87":{"start":{"line":88,"column":0},"end":{"line":88,"column":0}},"88":{"start":{"line":89,"column":0},"end":{"line":89,"column":23}},"89":{"start":{"line":90,"column":0},"end":{"line":90,"column":15}},"90":{"start":{"line":91,"column":0},"end":{"line":91,"column":22}},"91":{"start":{"line":92,"column":0},"end":{"line":92,"column":23}},"92":{"start":{"line":93,"column":0},"end":{"line":93,"column":24}},"93":{"start":{"line":94,"column":0},"end":{"line":94,"column":21}},"94":{"start":{"line":95,"column":0},"end":{"line":95,"column":38}},"95":{"start":{"line":96,"column":0},"end":{"line":96,"column":40}},"96":{"start":{"line":97,"column":0},"end":{"line":97,"column":19}},"97":{"start":{"line":98,"column":0},"end":{"line":98,"column":43}},"98":{"start":{"line":99,"column":0},"end":{"line":99,"column":77}},"99":{"start":{"line":100,"column":0},"end":{"line":100,"column":10}},"100":{"start":{"line":101,"column":0},"end":{"line":101,"column":46}},"101":{"start":{"line":102,"column":0},"end":{"line":102,"column":56}},"102":{"start":{"line":103,"column":0},"end":{"line":103,"column":16}},"103":{"start":{"line":104,"column":0},"end":{"line":104,"column":62}},"104":{"start":{"line":105,"column":0},"end":{"line":105,"column":9}},"105":{"start":{"line":106,"column":0},"end":{"line":106,"column":38}},"106":{"start":{"line":107,"column":0},"end":{"line":107,"column":6}},"107":{"start":{"line":108,"column":0},"end":{"line":108,"column":0}},"108":{"start":{"line":109,"column":0},"end":{"line":109,"column":23}},"109":{"start":{"line":110,"column":0},"end":{"line":110,"column":22}},"110":{"start":{"line":111,"column":0},"end":{"line":111,"column":24}},"111":{"start":{"line":112,"column":0},"end":{"line":112,"column":57}},"112":{"start":{"line":113,"column":0},"end":{"line":113,"column":76}},"113":{"start":{"line":114,"column":0},"end":{"line":114,"column":36}},"114":{"start":{"line":115,"column":0},"end":{"line":115,"column":27}},"115":{"start":{"line":116,"column":0},"end":{"line":116,"column":17}},"116":{"start":{"line":117,"column":0},"end":{"line":117,"column":44}},"117":{"start":{"line":118,"column":0},"end":{"line":118,"column":24}},"118":{"start":{"line":119,"column":0},"end":{"line":119,"column":29}},"119":{"start":{"line":120,"column":0},"end":{"line":120,"column":69}},"120":{"start":{"line":121,"column":0},"end":{"line":121,"column":33}},"121":{"start":{"line":122,"column":0},"end":{"line":122,"column":77}},"122":{"start":{"line":123,"column":0},"end":{"line":123,"column":18}},"123":{"start":{"line":124,"column":0},"end":{"line":124,"column":14}},"124":{"start":{"line":125,"column":0},"end":{"line":125,"column":19}},"125":{"start":{"line":126,"column":0},"end":{"line":126,"column":44}},"126":{"start":{"line":127,"column":0},"end":{"line":127,"column":41}},"127":{"start":{"line":128,"column":0},"end":{"line":128,"column":47}},"128":{"start":{"line":129,"column":0},"end":{"line":129,"column":33}},"129":{"start":{"line":130,"column":0},"end":{"line":130,"column":48}},"130":{"start":{"line":131,"column":0},"end":{"line":131,"column":24}},"131":{"start":{"line":132,"column":0},"end":{"line":132,"column":17}},"132":{"start":{"line":133,"column":0},"end":{"line":133,"column":43}},"133":{"start":{"line":134,"column":0},"end":{"line":134,"column":29}},"134":{"start":{"line":135,"column":0},"end":{"line":135,"column":44}},"135":{"start":{"line":136,"column":0},"end":{"line":136,"column":20}},"136":{"start":{"line":137,"column":0},"end":{"line":137,"column":13}},"137":{"start":{"line":138,"column":0},"end":{"line":138,"column":10}},"138":{"start":{"line":139,"column":0},"end":{"line":139,"column":6}},"139":{"start":{"line":140,"column":0},"end":{"line":140,"column":0}},"140":{"start":{"line":141,"column":0},"end":{"line":141,"column":24}},"141":{"start":{"line":142,"column":0},"end":{"line":142,"column":15}},"142":{"start":{"line":143,"column":0},"end":{"line":143,"column":22}},"143":{"start":{"line":144,"column":0},"end":{"line":144,"column":23}},"144":{"start":{"line":145,"column":0},"end":{"line":145,"column":24}},"145":{"start":{"line":146,"column":0},"end":{"line":146,"column":27}},"146":{"start":{"line":147,"column":0},"end":{"line":147,"column":21}},"147":{"start":{"line":148,"column":0},"end":{"line":148,"column":38}},"148":{"start":{"line":149,"column":0},"end":{"line":149,"column":40}},"149":{"start":{"line":150,"column":0},"end":{"line":150,"column":19}},"150":{"start":{"line":151,"column":0},"end":{"line":151,"column":28}},"151":{"start":{"line":152,"column":0},"end":{"line":152,"column":80}},"152":{"start":{"line":153,"column":0},"end":{"line":153,"column":42}},"153":{"start":{"line":154,"column":0},"end":{"line":154,"column":53}},"154":{"start":{"line":155,"column":0},"end":{"line":155,"column":10}},"155":{"start":{"line":156,"column":0},"end":{"line":156,"column":37}},"156":{"start":{"line":157,"column":0},"end":{"line":157,"column":22}},"157":{"start":{"line":158,"column":0},"end":{"line":158,"column":9}},"158":{"start":{"line":159,"column":0},"end":{"line":159,"column":46}},"159":{"start":{"line":160,"column":0},"end":{"line":160,"column":56}},"160":{"start":{"line":161,"column":0},"end":{"line":161,"column":16}},"161":{"start":{"line":162,"column":0},"end":{"line":162,"column":62}},"162":{"start":{"line":163,"column":0},"end":{"line":163,"column":9}},"163":{"start":{"line":164,"column":0},"end":{"line":164,"column":38}},"164":{"start":{"line":165,"column":0},"end":{"line":165,"column":6}},"165":{"start":{"line":166,"column":0},"end":{"line":166,"column":0}},"166":{"start":{"line":167,"column":0},"end":{"line":167,"column":24}},"167":{"start":{"line":168,"column":0},"end":{"line":168,"column":22}},"168":{"start":{"line":169,"column":0},"end":{"line":169,"column":24}},"169":{"start":{"line":170,"column":0},"end":{"line":170,"column":57}},"170":{"start":{"line":171,"column":0},"end":{"line":171,"column":76}},"171":{"start":{"line":172,"column":0},"end":{"line":172,"column":45}},"172":{"start":{"line":173,"column":0},"end":{"line":173,"column":24}},"173":{"start":{"line":174,"column":0},"end":{"line":174,"column":44}},"174":{"start":{"line":175,"column":0},"end":{"line":175,"column":33}},"175":{"start":{"line":176,"column":0},"end":{"line":176,"column":77}},"176":{"start":{"line":177,"column":0},"end":{"line":177,"column":18}},"177":{"start":{"line":178,"column":0},"end":{"line":178,"column":14}},"178":{"start":{"line":179,"column":0},"end":{"line":179,"column":19}},"179":{"start":{"line":180,"column":0},"end":{"line":180,"column":45}},"180":{"start":{"line":181,"column":0},"end":{"line":181,"column":41}},"181":{"start":{"line":182,"column":0},"end":{"line":182,"column":47}},"182":{"start":{"line":183,"column":0},"end":{"line":183,"column":33}},"183":{"start":{"line":184,"column":0},"end":{"line":184,"column":50}},"184":{"start":{"line":185,"column":0},"end":{"line":185,"column":47}},"185":{"start":{"line":186,"column":0},"end":{"line":186,"column":24}},"186":{"start":{"line":187,"column":0},"end":{"line":187,"column":17}},"187":{"start":{"line":188,"column":0},"end":{"line":188,"column":43}},"188":{"start":{"line":189,"column":0},"end":{"line":189,"column":29}},"189":{"start":{"line":190,"column":0},"end":{"line":190,"column":43}},"190":{"start":{"line":191,"column":0},"end":{"line":191,"column":20}},"191":{"start":{"line":192,"column":0},"end":{"line":192,"column":13}},"192":{"start":{"line":193,"column":0},"end":{"line":193,"column":10}},"193":{"start":{"line":194,"column":0},"end":{"line":194,"column":6}},"194":{"start":{"line":195,"column":0},"end":{"line":195,"column":0}},"195":{"start":{"line":196,"column":0},"end":{"line":196,"column":14}},"196":{"start":{"line":197,"column":0},"end":{"line":197,"column":16}},"197":{"start":{"line":198,"column":0},"end":{"line":198,"column":68}},"198":{"start":{"line":199,"column":0},"end":{"line":199,"column":19}},"199":{"start":{"line":200,"column":0},"end":{"line":200,"column":35}},"200":{"start":{"line":201,"column":0},"end":{"line":201,"column":80}},"201":{"start":{"line":202,"column":0},"end":{"line":202,"column":17}},"202":{"start":{"line":203,"column":0},"end":{"line":203,"column":76}},"203":{"start":{"line":204,"column":0},"end":{"line":204,"column":57}},"204":{"start":{"line":205,"column":0},"end":{"line":205,"column":35}},"205":{"start":{"line":206,"column":0},"end":{"line":206,"column":29}},"206":{"start":{"line":207,"column":0},"end":{"line":207,"column":23}},"207":{"start":{"line":208,"column":0},"end":{"line":208,"column":21}},"208":{"start":{"line":209,"column":0},"end":{"line":209,"column":23}},"209":{"start":{"line":210,"column":0},"end":{"line":210,"column":43}},"210":{"start":{"line":211,"column":0},"end":{"line":211,"column":55}},"211":{"start":{"line":212,"column":0},"end":{"line":212,"column":31}},"212":{"start":{"line":213,"column":0},"end":{"line":213,"column":18}},"213":{"start":{"line":214,"column":0},"end":{"line":214,"column":23}},"214":{"start":{"line":215,"column":0},"end":{"line":215,"column":44}},"215":{"start":{"line":216,"column":0},"end":{"line":216,"column":56}},"216":{"start":{"line":217,"column":0},"end":{"line":217,"column":32}},"217":{"start":{"line":218,"column":0},"end":{"line":218,"column":18}},"218":{"start":{"line":219,"column":0},"end":{"line":219,"column":18}},"219":{"start":{"line":220,"column":0},"end":{"line":220,"column":10}},"220":{"start":{"line":221,"column":0},"end":{"line":221,"column":5}},"221":{"start":{"line":222,"column":0},"end":{"line":222,"column":1}},"222":{"start":{"line":223,"column":0},"end":{"line":223,"column":0}},"223":{"start":{"line":224,"column":0},"end":{"line":224,"column":17}},"224":{"start":{"line":225,"column":0},"end":{"line":225,"column":20}},"225":{"start":{"line":226,"column":0},"end":{"line":226,"column":17}},"226":{"start":{"line":227,"column":0},"end":{"line":227,"column":23}},"227":{"start":{"line":228,"column":0},"end":{"line":228,"column":21}},"228":{"start":{"line":229,"column":0},"end":{"line":229,"column":23}},"229":{"start":{"line":230,"column":0},"end":{"line":230,"column":2}},"230":{"start":{"line":231,"column":0},"end":{"line":231,"column":0}},"231":{"start":{"line":232,"column":0},"end":{"line":232,"column":22}},"232":{"start":{"line":233,"column":0},"end":{"line":233,"column":18}},"233":{"start":{"line":234,"column":0},"end":{"line":234,"column":21}},"234":{"start":{"line":235,"column":0},"end":{"line":235,"column":28}},"235":{"start":{"line":236,"column":0},"end":{"line":236,"column":25}},"236":{"start":{"line":237,"column":0},"end":{"line":237,"column":17}},"237":{"start":{"line":238,"column":0},"end":{"line":238,"column":14}},"238":{"start":{"line":239,"column":0},"end":{"line":239,"column":15}},"239":{"start":{"line":240,"column":0},"end":{"line":240,"column":29}},"240":{"start":{"line":241,"column":0},"end":{"line":241,"column":44}},"241":{"start":{"line":242,"column":0},"end":{"line":242,"column":2}},"242":{"start":{"line":243,"column":0},"end":{"line":243,"column":0}},"243":{"start":{"line":244,"column":0},"end":{"line":244,"column":21}},"244":{"start":{"line":245,"column":0},"end":{"line":245,"column":21}},"245":{"start":{"line":246,"column":0},"end":{"line":246,"column":21}},"246":{"start":{"line":247,"column":0},"end":{"line":247,"column":31}},"247":{"start":{"line":248,"column":0},"end":{"line":248,"column":25}},"248":{"start":{"line":249,"column":0},"end":{"line":249,"column":25}},"249":{"start":{"line":250,"column":0},"end":{"line":250,"column":5}},"250":{"start":{"line":251,"column":0},"end":{"line":251,"column":24}},"251":{"start":{"line":252,"column":0},"end":{"line":252,"column":26}},"252":{"start":{"line":253,"column":0},"end":{"line":253,"column":5}},"253":{"start":{"line":254,"column":0},"end":{"line":254,"column":2}},"254":{"start":{"line":255,"column":0},"end":{"line":255,"column":0}},"255":{"start":{"line":256,"column":0},"end":{"line":256,"column":30}}},"s":{"0":1,"1":1,"2":1,"3":1,"4":1,"5":1,"6":1,"7":1,"8":1,"9":1,"10":1,"11":1,"12":1,"13":1,"14":1,"15":1,"16":1,"17":1,"18":1,"19":1,"20":1,"21":1,"22":1,"23":1,"24":2,"25":2,"26":0,"27":0,"28":0,"29":2,"30":2,"31":2,"32":1,"33":1,"34":0,"35":0,"36":1,"37":1,"38":0,"39":0,"40":0,"41":0,"42":0,"43":0,"44":0,"45":0,"46":0,"47":0,"48":0,"49":0,"50":0,"51":0,"52":0,"53":0,"54":0,"55":0,"56":0,"57":0,"58":0,"59":0,"60":0,"61":0,"62":0,"63":0,"64":0,"65":0,"66":0,"67":1,"68":1,"69":0,"70":0,"71":0,"72":0,"73":0,"74":1,"75":1,"76":0,"77":0,"78":0,"79":0,"80":0,"81":0,"82":0,"83":0,"84":0,"85":0,"86":0,"87":1,"88":1,"89":0,"90":0,"91":0,"92":0,"93":0,"94":0,"95":0,"96":0,"97":0,"98":0,"99":0,"100":0,"101":0,"102":0,"103":0,"104":0,"105":0,"106":0,"107":1,"108":1,"109":0,"110":0,"111":0,"112":0,"113":0,"114":0,"115":0,"116":0,"117":0,"118":0,"119":0,"120":0,"121":0,"122":0,"123":0,"124":0,"125":0,"126":0,"127":0,"128":0,"129":0,"130":0,"131":0,"132":0,"133":0,"134":0,"135":0,"136":0,"137":0,"138":0,"139":1,"140":1,"141":0,"142":0,"143":0,"144":0,"145":0,"146":0,"147":0,"148":0,"149":0,"150":0,"151":0,"152":0,"153":0,"154":0,"155":0,"156":0,"157":0,"158":0,"159":0,"160":0,"161":0,"162":0,"163":0,"164":0,"165":1,"166":1,"167":0,"168":0,"169":0,"170":0,"171":0,"172":0,"173":0,"174":0,"175":0,"176":0,"177":0,"178":0,"179":0,"180":0,"181":0,"182":0,"183":0,"184":0,"185":0,"186":0,"187":0,"188":0,"189":0,"190":0,"191":0,"192":0,"193":0,"194":1,"195":1,"196":3,"197":3,"198":3,"199":3,"200":3,"201":3,"202":3,"203":3,"204":3,"205":3,"206":3,"207":3,"208":3,"209":3,"210":3,"211":3,"212":3,"213":3,"214":3,"215":3,"216":3,"217":3,"218":3,"219":3,"220":3,"221":1,"222":1,"223":1,"224":1,"225":1,"226":1,"227":1,"228":1,"229":1,"230":1,"231":1,"232":1,"233":1,"234":1,"235":1,"236":1,"237":1,"238":1,"239":1,"240":1,"241":1,"242":1,"243":1,"244":1,"245":1,"246":1,"247":1,"248":1,"249":1,"250":1,"251":1,"252":1,"253":1,"254":1,"255":1},"branchMap":{"0":{"type":"branch","line":256,"loc":{"start":{"line":256,"column":30},"end":{"line":256,"column":30}},"locations":[{"start":{"line":256,"column":30},"end":{"line":256,"column":30}}]},"1":{"type":"branch","line":256,"loc":{"start":{"line":256,"column":30},"end":{"line":256,"column":30}},"locations":[{"start":{"line":256,"column":30},"end":{"line":256,"column":30}}]},"2":{"type":"branch","line":256,"loc":{"start":{"line":256,"column":30},"end":{"line":256,"column":30}},"locations":[{"start":{"line":256,"column":30},"end":{"line":256,"column":30}}]},"3":{"type":"branch","line":256,"loc":{"start":{"line":256,"column":30},"end":{"line":256,"column":30}},"locations":[{"start":{"line":256,"column":30},"end":{"line":256,"column":30}}]},"4":{"type":"branch","line":256,"loc":{"start":{"line":256,"column":30},"end":{"line":256,"column":30}},"locations":[{"start":{"line":256,"column":30},"end":{"line":256,"column":30}}]},"5":{"type":"branch","line":256,"loc":{"start":{"line":256,"column":30},"end":{"line":256,"column":30}},"locations":[{"start":{"line":256,"column":30},"end":{"line":256,"column":30}}]},"6":{"type":"branch","line":256,"loc":{"start":{"line":256,"column":30},"end":{"line":256,"column":30}},"locations":[{"start":{"line":256,"column":30},"end":{"line":256,"column":30}}]},"7":{"type":"branch","line":256,"loc":{"start":{"line":256,"column":30},"end":{"line":256,"column":30}},"locations":[{"start":{"line":256,"column":30},"end":{"line":256,"column":30}}]},"8":{"type":"branch","line":256,"loc":{"start":{"line":256,"column":30},"end":{"line":256,"column":30}},"locations":[{"start":{"line":256,"column":30},"end":{"line":256,"column":30}}]},"9":{"type":"branch","line":256,"loc":{"start":{"line":256,"column":30},"end":{"line":256,"column":30}},"locations":[{"start":{"line":256,"column":30},"end":{"line":256,"column":30}}]},"10":{"type":"branch","line":256,"loc":{"start":{"line":256,"column":30},"end":{"line":256,"column":30}},"locations":[{"start":{"line":256,"column":30},"end":{"line":256,"column":30}}]},"11":{"type":"branch","line":256,"loc":{"start":{"line":256,"column":30},"end":{"line":256,"column":30}},"locations":[{"start":{"line":256,"column":30},"end":{"line":256,"column":30}}]},"12":{"type":"branch","line":256,"loc":{"start":{"line":256,"column":30},"end":{"line":256,"column":30}},"locations":[{"start":{"line":256,"column":30},"end":{"line":256,"column":30}}]},"13":{"type":"branch","line":256,"loc":{"start":{"line":256,"column":30},"end":{"line":256,"column":30}},"locations":[{"start":{"line":256,"column":30},"end":{"line":256,"column":30}}]},"14":{"type":"branch","line":256,"loc":{"start":{"line":256,"column":30},"end":{"line":256,"column":30}},"locations":[{"start":{"line":256,"column":30},"end":{"line":256,"column":30}}]},"15":{"type":"branch","line":256,"loc":{"start":{"line":256,"column":30},"end":{"line":256,"column":30}},"locations":[{"start":{"line":256,"column":30},"end":{"line":256,"column":30}}]},"16":{"type":"branch","line":256,"loc":{"start":{"line":256,"column":30},"end":{"line":256,"column":30}},"locations":[{"start":{"line":256,"column":30},"end":{"line":256,"column":30}}]},"17":{"type":"branch","line":256,"loc":{"start":{"line":256,"column":30},"end":{"line":256,"column":30}},"locations":[{"start":{"line":256,"column":30},"end":{"line":256,"column":30}}]},"18":{"type":"branch","line":256,"loc":{"start":{"line":256,"column":30},"end":{"line":256,"column":30}},"locations":[{"start":{"line":256,"column":30},"end":{"line":256,"column":30}}]},"19":{"type":"branch","line":256,"loc":{"start":{"line":256,"column":30},"end":{"line":256,"column":30}},"locations":[{"start":{"line":256,"column":30},"end":{"line":256,"column":30}}]},"20":{"type":"branch","line":256,"loc":{"start":{"line":256,"column":30},"end":{"line":256,"column":30}},"locations":[{"start":{"line":256,"column":30},"end":{"line":256,"column":30}}]},"21":{"type":"branch","line":7,"loc":{"start":{"line":7,"column":39},"end":{"line":7,"column":40}},"locations":[{"start":{"line":7,"column":39},"end":{"line":7,"column":40}}]},"22":{"type":"branch","line":24,"loc":{"start":{"line":24,"column":4},"end":{"line":32,"column":5}},"locations":[{"start":{"line":24,"column":4},"end":{"line":32,"column":5}}]},"23":{"type":"branch","line":196,"loc":{"start":{"line":196,"column":4},"end":{"line":221,"column":5}},"locations":[{"start":{"line":196,"column":4},"end":{"line":221,"column":5}}]},"24":{"type":"branch","line":203,"loc":{"start":{"line":203,"column":61},"end":{"line":204,"column":28}},"locations":[{"start":{"line":203,"column":61},"end":{"line":204,"column":28}}]},"25":{"type":"branch","line":256,"loc":{"start":{"line":256,"column":30},"end":{"line":256,"column":30}},"locations":[{"start":{"line":256,"column":30},"end":{"line":256,"column":30}}]},"26":{"type":"branch","line":256,"loc":{"start":{"line":256,"column":30},"end":{"line":256,"column":30}},"locations":[{"start":{"line":256,"column":30},"end":{"line":256,"column":30}}]},"27":{"type":"branch","line":256,"loc":{"start":{"line":256,"column":30},"end":{"line":256,"column":30}},"locations":[{"start":{"line":256,"column":30},"end":{"line":256,"column":30}}]},"28":{"type":"branch","line":256,"loc":{"start":{"line":256,"column":30},"end":{"line":256,"column":30}},"locations":[{"start":{"line":256,"column":30},"end":{"line":256,"column":30}}]},"29":{"type":"branch","line":256,"loc":{"start":{"line":256,"column":30},"end":{"line":256,"column":30}},"locations":[{"start":{"line":256,"column":30},"end":{"line":256,"column":30}}]},"30":{"type":"branch","line":256,"loc":{"start":{"line":256,"column":30},"end":{"line":256,"column":30}},"locations":[{"start":{"line":256,"column":30},"end":{"line":256,"column":30}}]}},"b":{"0":[3],"1":[3],"2":[0],"3":[3],"4":[0],"5":[3],"6":[0],"7":[3],"8":[6],"9":[0],"10":[0],"11":[0],"12":[0],"13":[147],"14":[0],"15":[0],"16":[3],"17":[0],"18":[0],"19":[36],"20":[0],"21":[3],"22":[2],"23":[3],"24":[54],"25":[3],"26":[0],"27":[0],"28":[3],"29":[0],"30":[0]},"fnMap":{"0":{"name":"Object.<anonymous>","decl":{"start":{"line":256,"column":30},"end":{"line":256,"column":30}},"loc":{"start":{"line":256,"column":30},"end":{"line":256,"column":30}},"line":256},"1":{"name":"_interopRequireDefault","decl":{"start":{"line":256,"column":30},"end":{"line":256,"column":30}},"loc":{"start":{"line":256,"column":30},"end":{"line":256,"column":30}},"line":256},"2":{"name":"_getRequireWildcardCache","decl":{"start":{"line":256,"column":30},"end":{"line":256,"column":30}},"loc":{"start":{"line":256,"column":30},"end":{"line":256,"column":30}},"line":256},"3":{"name":"_getRequireWildcardCache","decl":{"start":{"line":256,"column":30},"end":{"line":256,"column":30}},"loc":{"start":{"line":256,"column":30},"end":{"line":256,"column":30}},"line":256},"4":{"name":"_interopRequireWildcard","decl":{"start":{"line":256,"column":30},"end":{"line":256,"column":30}},"loc":{"start":{"line":256,"column":30},"end":{"line":256,"column":30}},"line":256},"5":{"name":"_defineProperty","decl":{"start":{"line":256,"column":30},"end":{"line":256,"column":30}},"loc":{"start":{"line":256,"column":30},"end":{"line":256,"column":30}},"line":256},"6":{"name":"Object.<anonymous>.__signature__","decl":{"start":{"line":256,"column":30},"end":{"line":256,"column":30}},"loc":{"start":{"line":256,"column":30},"end":{"line":256,"column":30}},"line":256},"7":{"name":"HorizontalList","decl":{"start":{"line":7,"column":39},"end":{"line":7,"column":40}},"loc":{"start":{"line":7,"column":39},"end":{"line":7,"column":40}},"line":7},"8":{"name":"HorizontalList._defineProperty","decl":{"start":{"line":38,"column":23},"end":{"line":67,"column":6}},"loc":{"start":{"line":38,"column":23},"end":{"line":67,"column":6}},"line":38},"9":{"name":"HorizontalList._defineProperty","decl":{"start":{"line":69,"column":15},"end":{"line":74,"column":6}},"loc":{"start":{"line":69,"column":15},"end":{"line":74,"column":6}},"line":69},"10":{"name":"HorizontalList._defineProperty","decl":{"start":{"line":76,"column":21},"end":{"line":87,"column":6}},"loc":{"start":{"line":76,"column":21},"end":{"line":87,"column":6}},"line":76},"11":{"name":"HorizontalList._defineProperty","decl":{"start":{"line":89,"column":16},"end":{"line":107,"column":6}},"loc":{"start":{"line":89,"column":16},"end":{"line":107,"column":6}},"line":89},"12":{"name":"HorizontalList.e","decl":{"start":{"line":109,"column":16},"end":{"line":139,"column":6}},"loc":{"start":{"line":109,"column":16},"end":{"line":139,"column":6}},"line":109},"13":{"name":"HorizontalList._defineProperty","decl":{"start":{"line":141,"column":17},"end":{"line":165,"column":6}},"loc":{"start":{"line":141,"column":17},"end":{"line":165,"column":6}},"line":141},"14":{"name":"HorizontalList.e","decl":{"start":{"line":167,"column":17},"end":{"line":194,"column":6}},"loc":{"start":{"line":167,"column":17},"end":{"line":194,"column":6}},"line":167},"15":{"name":"componentDidMount","decl":{"start":{"line":24,"column":4},"end":{"line":32,"column":5}},"loc":{"start":{"line":24,"column":4},"end":{"line":32,"column":5}},"line":24},"16":{"name":"setTimeout","decl":{"start":{"line":26,"column":19},"end":{"line":30,"column":11}},"loc":{"start":{"line":26,"column":19},"end":{"line":30,"column":11}},"line":26},"17":{"name":"componentWillUnmount","decl":{"start":{"line":34,"column":4},"end":{"line":36,"column":5}},"loc":{"start":{"line":34,"column":4},"end":{"line":36,"column":5}},"line":34},"18":{"name":"render","decl":{"start":{"line":196,"column":4},"end":{"line":221,"column":5}},"loc":{"start":{"line":196,"column":4},"end":{"line":221,"column":5}},"line":196},"19":{"name":"_react.default.Children.map","decl":{"start":{"line":203,"column":61},"end":{"line":204,"column":28}},"loc":{"start":{"line":203,"column":61},"end":{"line":204,"column":28}},"line":203},"20":{"name":"__reactstandin__regenerateByEval","decl":{"start":{"line":7,"column":39},"end":{"line":7,"column":40}},"loc":{"start":{"line":7,"column":39},"end":{"line":7,"column":40}},"line":7}},"f":{"0":3,"1":3,"2":3,"3":3,"4":6,"5":36,"6":0,"7":3,"8":0,"9":0,"10":0,"11":0,"12":0,"13":0,"14":0,"15":2,"16":0,"17":0,"18":3,"19":54,"20":0}}
,"/Users/vimal_m/Desktop/React-Webpack4 Starter Boilerpate/src/components/Image.js": {"path":"/Users/vimal_m/Desktop/React-Webpack4 Starter Boilerpate/src/components/Image.js","statementMap":{"0":{"start":{"line":1,"column":0},"end":{"line":1,"column":41}},"1":{"start":{"line":2,"column":0},"end":{"line":2,"column":36}},"2":{"start":{"line":3,"column":0},"end":{"line":3,"column":59}},"3":{"start":{"line":4,"column":0},"end":{"line":4,"column":36}},"4":{"start":{"line":5,"column":0},"end":{"line":5,"column":22}},"5":{"start":{"line":6,"column":0},"end":{"line":6,"column":31}},"6":{"start":{"line":7,"column":0},"end":{"line":7,"column":24}},"7":{"start":{"line":8,"column":0},"end":{"line":8,"column":19}},"8":{"start":{"line":9,"column":0},"end":{"line":9,"column":6}},"9":{"start":{"line":10,"column":0},"end":{"line":10,"column":27}},"10":{"start":{"line":11,"column":0},"end":{"line":11,"column":24}},"11":{"start":{"line":12,"column":0},"end":{"line":12,"column":6}},"12":{"start":{"line":13,"column":0},"end":{"line":13,"column":13}},"13":{"start":{"line":14,"column":0},"end":{"line":14,"column":22}},"14":{"start":{"line":15,"column":0},"end":{"line":15,"column":31}},"15":{"start":{"line":16,"column":0},"end":{"line":16,"column":6}},"16":{"start":{"line":17,"column":0},"end":{"line":17,"column":0}},"17":{"start":{"line":18,"column":0},"end":{"line":18,"column":25}},"18":{"start":{"line":19,"column":0},"end":{"line":19,"column":35}},"19":{"start":{"line":20,"column":0},"end":{"line":20,"column":21}},"20":{"start":{"line":21,"column":0},"end":{"line":21,"column":24}},"21":{"start":{"line":22,"column":0},"end":{"line":22,"column":12}},"22":{"start":{"line":23,"column":0},"end":{"line":23,"column":6}},"23":{"start":{"line":24,"column":0},"end":{"line":24,"column":0}},"24":{"start":{"line":25,"column":0},"end":{"line":25,"column":14}},"25":{"start":{"line":26,"column":0},"end":{"line":26,"column":35}},"26":{"start":{"line":27,"column":0},"end":{"line":27,"column":50}},"27":{"start":{"line":28,"column":0},"end":{"line":28,"column":16}},"28":{"start":{"line":29,"column":0},"end":{"line":29,"column":28}},"29":{"start":{"line":30,"column":0},"end":{"line":30,"column":20}},"30":{"start":{"line":31,"column":0},"end":{"line":31,"column":34}},"31":{"start":{"line":32,"column":0},"end":{"line":32,"column":45}},"32":{"start":{"line":33,"column":0},"end":{"line":33,"column":29}},"33":{"start":{"line":34,"column":0},"end":{"line":34,"column":62}},"34":{"start":{"line":35,"column":0},"end":{"line":35,"column":22}},"35":{"start":{"line":36,"column":0},"end":{"line":36,"column":18}},"36":{"start":{"line":37,"column":0},"end":{"line":37,"column":20}},"37":{"start":{"line":38,"column":0},"end":{"line":38,"column":41}},"38":{"start":{"line":39,"column":0},"end":{"line":39,"column":29}},"39":{"start":{"line":40,"column":0},"end":{"line":40,"column":63}},"40":{"start":{"line":41,"column":0},"end":{"line":41,"column":22}},"41":{"start":{"line":42,"column":0},"end":{"line":42,"column":18}},"42":{"start":{"line":43,"column":0},"end":{"line":43,"column":29}},"43":{"start":{"line":44,"column":0},"end":{"line":44,"column":10}},"44":{"start":{"line":45,"column":0},"end":{"line":45,"column":5}},"45":{"start":{"line":46,"column":0},"end":{"line":46,"column":1}},"46":{"start":{"line":47,"column":0},"end":{"line":47,"column":0}},"47":{"start":{"line":48,"column":0},"end":{"line":48,"column":21}}},"s":{"0":1,"1":1,"2":1,"3":1,"4":1,"5":1,"6":1,"7":1,"8":1,"9":1,"10":1,"11":1,"12":1,"13":1,"14":1,"15":1,"16":1,"17":1,"18":0,"19":0,"20":0,"21":0,"22":0,"23":1,"24":1,"25":18,"26":18,"27":18,"28":18,"29":18,"30":18,"31":18,"32":18,"33":18,"34":18,"35":18,"36":18,"37":18,"38":18,"39":18,"40":18,"41":18,"42":18,"43":18,"44":18,"45":1,"46":1,"47":1},"branchMap":{"0":{"type":"branch","line":48,"loc":{"start":{"line":48,"column":21},"end":{"line":48,"column":21}},"locations":[{"start":{"line":48,"column":21},"end":{"line":48,"column":21}}]},"1":{"type":"branch","line":48,"loc":{"start":{"line":48,"column":21},"end":{"line":48,"column":21}},"locations":[{"start":{"line":48,"column":21},"end":{"line":48,"column":21}}]},"2":{"type":"branch","line":48,"loc":{"start":{"line":48,"column":21},"end":{"line":48,"column":21}},"locations":[{"start":{"line":48,"column":21},"end":{"line":48,"column":21}}]},"3":{"type":"branch","line":48,"loc":{"start":{"line":48,"column":21},"end":{"line":48,"column":21}},"locations":[{"start":{"line":48,"column":21},"end":{"line":48,"column":21}}]},"4":{"type":"branch","line":48,"loc":{"start":{"line":48,"column":21},"end":{"line":48,"column":21}},"locations":[{"start":{"line":48,"column":21},"end":{"line":48,"column":21}}]},"5":{"type":"branch","line":48,"loc":{"start":{"line":48,"column":21},"end":{"line":48,"column":21}},"locations":[{"start":{"line":48,"column":21},"end":{"line":48,"column":21}}]},"6":{"type":"branch","line":48,"loc":{"start":{"line":48,"column":21},"end":{"line":48,"column":21}},"locations":[{"start":{"line":48,"column":21},"end":{"line":48,"column":21}}]},"7":{"type":"branch","line":48,"loc":{"start":{"line":48,"column":21},"end":{"line":48,"column":21}},"locations":[{"start":{"line":48,"column":21},"end":{"line":48,"column":21}}]},"8":{"type":"branch","line":48,"loc":{"start":{"line":48,"column":21},"end":{"line":48,"column":21}},"locations":[{"start":{"line":48,"column":21},"end":{"line":48,"column":21}}]},"9":{"type":"branch","line":48,"loc":{"start":{"line":48,"column":21},"end":{"line":48,"column":21}},"locations":[{"start":{"line":48,"column":21},"end":{"line":48,"column":21}}]},"10":{"type":"branch","line":48,"loc":{"start":{"line":48,"column":21},"end":{"line":48,"column":21}},"locations":[{"start":{"line":48,"column":21},"end":{"line":48,"column":21}}]},"11":{"type":"branch","line":48,"loc":{"start":{"line":48,"column":21},"end":{"line":48,"column":21}},"locations":[{"start":{"line":48,"column":21},"end":{"line":48,"column":21}}]},"12":{"type":"branch","line":48,"loc":{"start":{"line":48,"column":21},"end":{"line":48,"column":21}},"locations":[{"start":{"line":48,"column":21},"end":{"line":48,"column":21}}]},"13":{"type":"branch","line":48,"loc":{"start":{"line":48,"column":21},"end":{"line":48,"column":21}},"locations":[{"start":{"line":48,"column":21},"end":{"line":48,"column":21}}]},"14":{"type":"branch","line":48,"loc":{"start":{"line":48,"column":21},"end":{"line":48,"column":21}},"locations":[{"start":{"line":48,"column":21},"end":{"line":48,"column":21}}]},"15":{"type":"branch","line":48,"loc":{"start":{"line":48,"column":21},"end":{"line":48,"column":21}},"locations":[{"start":{"line":48,"column":21},"end":{"line":48,"column":21}}]},"16":{"type":"branch","line":48,"loc":{"start":{"line":48,"column":21},"end":{"line":48,"column":21}},"locations":[{"start":{"line":48,"column":21},"end":{"line":48,"column":21}}]},"17":{"type":"branch","line":48,"loc":{"start":{"line":48,"column":21},"end":{"line":48,"column":21}},"locations":[{"start":{"line":48,"column":21},"end":{"line":48,"column":21}}]},"18":{"type":"branch","line":48,"loc":{"start":{"line":48,"column":21},"end":{"line":48,"column":21}},"locations":[{"start":{"line":48,"column":21},"end":{"line":48,"column":21}}]},"19":{"type":"branch","line":48,"loc":{"start":{"line":48,"column":21},"end":{"line":48,"column":21}},"locations":[{"start":{"line":48,"column":21},"end":{"line":48,"column":21}}]},"20":{"type":"branch","line":6,"loc":{"start":{"line":6,"column":30},"end":{"line":6,"column":31}},"locations":[{"start":{"line":6,"column":30},"end":{"line":6,"column":31}}]},"21":{"type":"branch","line":25,"loc":{"start":{"line":25,"column":4},"end":{"line":45,"column":5}},"locations":[{"start":{"line":25,"column":4},"end":{"line":45,"column":5}}]},"22":{"type":"branch","line":34,"loc":{"start":{"line":34,"column":41},"end":{"line":34,"column":54}},"locations":[{"start":{"line":34,"column":41},"end":{"line":34,"column":54}}]},"23":{"type":"branch","line":40,"loc":{"start":{"line":40,"column":35},"end":{"line":40,"column":63}},"locations":[{"start":{"line":40,"column":35},"end":{"line":40,"column":63}}]},"24":{"type":"branch","line":48,"loc":{"start":{"line":48,"column":21},"end":{"line":48,"column":21}},"locations":[{"start":{"line":48,"column":21},"end":{"line":48,"column":21}}]},"25":{"type":"branch","line":48,"loc":{"start":{"line":48,"column":21},"end":{"line":48,"column":21}},"locations":[{"start":{"line":48,"column":21},"end":{"line":48,"column":21}}]},"26":{"type":"branch","line":48,"loc":{"start":{"line":48,"column":21},"end":{"line":48,"column":21}},"locations":[{"start":{"line":48,"column":21},"end":{"line":48,"column":21}}]},"27":{"type":"branch","line":48,"loc":{"start":{"line":48,"column":21},"end":{"line":48,"column":21}},"locations":[{"start":{"line":48,"column":21},"end":{"line":48,"column":21}}]},"28":{"type":"branch","line":48,"loc":{"start":{"line":48,"column":21},"end":{"line":48,"column":21}},"locations":[{"start":{"line":48,"column":21},"end":{"line":48,"column":21}}]},"29":{"type":"branch","line":48,"loc":{"start":{"line":48,"column":21},"end":{"line":48,"column":21}},"locations":[{"start":{"line":48,"column":21},"end":{"line":48,"column":21}}]}},"b":{"0":[4],"1":[4],"2":[0],"3":[4],"4":[0],"5":[4],"6":[0],"7":[4],"8":[0],"9":[0],"10":[0],"11":[0],"12":[112],"13":[0],"14":[0],"15":[4],"16":[0],"17":[0],"18":[44],"19":[0],"20":[18],"21":[18],"22":[0],"23":[0],"24":[4],"25":[0],"26":[0],"27":[4],"28":[0],"29":[0]},"fnMap":{"0":{"name":"Object.<anonymous>","decl":{"start":{"line":48,"column":21},"end":{"line":48,"column":21}},"loc":{"start":{"line":48,"column":21},"end":{"line":48,"column":21}},"line":48},"1":{"name":"_interopRequireDefault","decl":{"start":{"line":48,"column":21},"end":{"line":48,"column":21}},"loc":{"start":{"line":48,"column":21},"end":{"line":48,"column":21}},"line":48},"2":{"name":"_getRequireWildcardCache","decl":{"start":{"line":48,"column":21},"end":{"line":48,"column":21}},"loc":{"start":{"line":48,"column":21},"end":{"line":48,"column":21}},"line":48},"3":{"name":"_getRequireWildcardCache","decl":{"start":{"line":48,"column":21},"end":{"line":48,"column":21}},"loc":{"start":{"line":48,"column":21},"end":{"line":48,"column":21}},"line":48},"4":{"name":"_interopRequireWildcard","decl":{"start":{"line":48,"column":21},"end":{"line":48,"column":21}},"loc":{"start":{"line":48,"column":21},"end":{"line":48,"column":21}},"line":48},"5":{"name":"_defineProperty","decl":{"start":{"line":48,"column":21},"end":{"line":48,"column":21}},"loc":{"start":{"line":48,"column":21},"end":{"line":48,"column":21}},"line":48},"6":{"name":"Object.<anonymous>.__signature__","decl":{"start":{"line":48,"column":21},"end":{"line":48,"column":21}},"loc":{"start":{"line":48,"column":21},"end":{"line":48,"column":21}},"line":48},"7":{"name":"Image","decl":{"start":{"line":6,"column":30},"end":{"line":6,"column":31}},"loc":{"start":{"line":6,"column":30},"end":{"line":6,"column":31}},"line":6},"8":{"name":"Image._defineProperty","decl":{"start":{"line":18,"column":18},"end":{"line":23,"column":6}},"loc":{"start":{"line":18,"column":18},"end":{"line":23,"column":6}},"line":18},"9":{"name":"render","decl":{"start":{"line":25,"column":4},"end":{"line":45,"column":5}},"loc":{"start":{"line":25,"column":4},"end":{"line":45,"column":5}},"line":25},"10":{"name":"__reactstandin__regenerateByEval","decl":{"start":{"line":6,"column":30},"end":{"line":6,"column":31}},"loc":{"start":{"line":6,"column":30},"end":{"line":6,"column":31}},"line":6}},"f":{"0":4,"1":4,"2":4,"3":0,"4":4,"5":44,"6":0,"7":18,"8":0,"9":18,"10":0}}
[...]
":42,"loc":{"start":{"line":42,"column":39},"end":{"line":42,"column":39}},"locations":[{"start":{"line":42,"column":39},"end":{"line":42,"column":39}}]},"27":{"type":"branch","line":42,"loc":{"start":{"line":42,"column":39},"end":{"line":42,"column":39}},"locations":[{"start":{"line":42,"column":39},"end":{"line":42,"column":39}}]}},"b":{"0":[1],"1":[1],"2":[0],"3":[3],"4":[0],"5":[1],"6":[0],"7":[1],"8":[0],"9":[0],"10":[0],"11":[0],"12":[28],"13":[0],"14":[0],"15":[1],"16":[0],"17":[0],"18":[3],"19":[0],"20":[1],"21":[1],"22":[1],"23":[0],"24":[0],"25":[1],"26":[0],"27":[0]},"fnMap":{"0":{"name":"Object.<anonymous>","decl":{"start":{"line":42,"column":39},"end":{"line":42,"column":39}},"loc":{"start":{"line":42,"column":39},"end":{"line":42,"column":39}},"line":42},"1":{"name":"_interopRequireDefault","decl":{"start":{"line":42,"column":39},"end":{"line":42,"column":39}},"loc":{"start":{"line":42,"column":39},"end":{"line":42,"column":39}},"line":42},"2":{"name":"_getRequireWildcardCache","decl":{"start":{"line":42,"column":39},"end":{"line":42,"column":39}},"loc":{"start":{"line":42,"column":39},"end":{"line":42,"column":39}},"line":42},"3":{"name":"_getRequireWildcardCache","decl":{"start":{"line":42,"column":39},"end":{"line":42,"column":39}},"loc":{"start":{"line":42,"column":39},"end":{"line":42,"column":39}},"line":42},"4":{"name":"_interopRequireWildcard","decl":{"start":{"line":42,"column":39},"end":{"line":42,"column":39}},"loc":{"start":{"line":42,"column":39},"end":{"line":42,"column":39}},"line":42},"5":{"name":"_defineProperty","decl":{"start":{"line":42,"column":39},"end":{"line":42,"column":39}},"loc":{"start":{"line":42,"column":39},"end":{"line":42,"column":39}},"line":42},"6":{"name":"Object.<anonymous>.__signature__","decl":{"start":{"line":42,"column":39},"end":{"line":42,"column":39}},"loc":{"start":{"line":42,"column":39},"end":{"line":42,"column":39}},"line":42},"7":{"name":"Trailer","decl":{"start":{"line":20,"column":32},"end":{"line":20,"column":33}},"loc":{"start":{"line":20,"column":32},"end":{"line":20,"column":33}},"line":20},"8":{"name":"Trailer.e","decl":{"start":{"line":27,"column":14},"end":{"line":29,"column":6}},"loc":{"start":{"line":27,"column":14},"end":{"line":29,"column":6}},"line":27},"9":{"name":"render","decl":{"start":{"line":30,"column":4},"end":{"line":37,"column":5}},"loc":{"start":{"line":30,"column":4},"end":{"line":37,"column":5}},"line":30},"10":{"name":"__reactstandin__regenerateByEval","decl":{"start":{"line":20,"column":32},"end":{"line":20,"column":33}},"loc":{"start":{"line":20,"column":32},"end":{"line":20,"column":33}},"line":20},"11":{"name":"onBackButtonClicked","decl":{"start":{"line":25,"column":30},"end":{"line":25,"column":37}},"loc":{"start":{"line":25,"column":30},"end":{"line":25,"column":37}},"line":25}},"f":{"0":1,"1":3,"2":1,"3":0,"4":1,"5":3,"6":0,"7":1,"8":0,"9":1,"10":0,"11":0}}
,"/Users/vimal_m/Desktop/React-Webpack4 Starter Boilerpate/src/utils/apiClient.js": {"path":"/Users/vimal_m/Desktop/React-Webpack4 Starter Boilerpate/src/utils/apiClient.js","statementMap":{"0":{"start":{"line":1,"column":0},"end":{"line":1,"column":36}},"1":{"start":{"line":2,"column":0},"end":{"line":2,"column":0}},"2":{"start":{"line":3,"column":0},"end":{"line":3,"column":23}},"3":{"start":{"line":4,"column":0},"end":{"line":4,"column":25}},"4":{"start":{"line":5,"column":0},"end":{"line":5,"column":29}},"5":{"start":{"line":6,"column":0},"end":{"line":6,"column":17}},"6":{"start":{"line":7,"column":0},"end":{"line":7,"column":21}},"7":{"start":{"line":8,"column":0},"end":{"line":8,"column":2}},"8":{"start":{"line":9,"column":0},"end":{"line":9,"column":0}},"9":{"start":{"line":10,"column":0},"end":{"line":10,"column":19}},"10":{"start":{"line":11,"column":0},"end":{"line":11,"column":49}},"11":{"start":{"line":12,"column":0},"end":{"line":12,"column":48}},"12":{"start":{"line":13,"column":0},"end":{"line":13,"column":62}},"13":{"start":{"line":14,"column":0},"end":{"line":14,"column":21}},"14":{"start":{"line":15,"column":0},"end":{"line":15,"column":48}},"15":{"start":{"line":16,"column":0},"end":{"line":16,"column":57}},"16":{"start":{"line":17,"column":0},"end":{"line":17,"column":14}},"17":{"start":{"line":18,"column":0},"end":{"line":18,"column":9}},"18":{"start":{"line":19,"column":0},"end":{"line":19,"column":21}},"19":{"start":{"line":20,"column":0},"end":{"line":20,"column":23}},"20":{"start":{"line":21,"column":0},"end":{"line":21,"column":39}},"21":{"start":{"line":22,"column":0},"end":{"line":22,"column":51}},"22":{"start":{"line":23,"column":0},"end":{"line":23,"column":34}},"23":{"start":{"line":24,"column":0},"end":{"line":24,"column":32}},"24":{"start":{"line":25,"column":0},"end":{"line":25,"column":24}},"25":{"start":{"line":26,"column":0},"end":{"line":26,"column":48}},"26":{"start":{"line":27,"column":0},"end":{"line":27,"column":17}},"27":{"start":{"line":28,"column":0},"end":{"line":28,"column":14}},"28":{"start":{"line":29,"column":0},"end":{"line":29,"column":27}},"29":{"start":{"line":30,"column":0},"end":{"line":30,"column":43}},"30":{"start":{"line":31,"column":0},"end":{"line":31,"column":15}},"31":{"start":{"line":32,"column":0},"end":{"line":32,"column":5}},"32":{"start":{"line":33,"column":0},"end":{"line":33,"column":2}},"33":{"start":{"line":34,"column":0},"end":{"line":34,"column":0}},"34":{"start":{"line":35,"column":0},"end":{"line":35,"column":25}}},"s":{"0":1,"1":1,"2":1,"3":1,"4":1,"5":1,"6":1,"7":1,"8":1,"9":1,"10":1,"11":0,"12":0,"13":0,"14":0,"15":0,"16":0,"17":0,"18":0,"19":0,"20":0,"21":0,"22":0,"23":0,"24":0,"25":0,"26":0,"27":0,"28":0,"29":0,"30":0,"31":0,"32":1,"33":1,"34":1},"branchMap":{"0":{"type":"branch","line":35,"loc":{"start":{"line":35,"column":25},"end":{"line":35,"column":25}},"locations":[{"start":{"line":35,"column":25},"end":{"line":35,"column":25}}]},"1":{"type":"branch","line":35,"loc":{"start":{"line":35,"column":25},"end":{"line":35,"column":25}},"locations":[{"start":{"line":35,"column":25},"end":{"line":35,"column":25}}]},"2":{"type":"branch","line":35,"loc":{"start":{"line":35,"column":25},"end":{"line":35,"column":25}},"locations":[{"start":{"line":35,"column":25},"end":{"line":35,"column":25}}]},"3":{"type":"branch","line":35,"loc":{"start":{"line":35,"column":25},"end":{"line":35,"column":25}},"locations":[{"start":{"line":35,"column":25},"end":{"line":35,"column":25}}]},"4":{"type":"branch","line":35,"loc":{"start":{"line":35,"column":25},"end":{"line":35,"column":25}},"locations":[{"start":{"line":35,"column":25},"end":{"line":35,"column":25}}]},"5":{"type":"branch","line":35,"loc":{"start":{"line":35,"column":25},"end":{"line":35,"column":25}},"locations":[{"start":{"line":35,"column":25},"end":{"line":35,"column":25}}]},"6":{"type":"branch","line":35,"loc":{"start":{"line":35,"column":25},"end":{"line":35,"column":25}},"locations":[{"start":{"line":35,"column":25},"end":{"line":35,"column":25}}]},"7":{"type":"branch","line":35,"loc":{"start":{"line":35,"column":25},"end":{"line":35,"column":25}},"locations":[{"start":{"line":35,"column":25},"end":{"line":35,"column":25}}]},"8":{"type":"branch","line":35,"loc":{"start":{"line":35,"column":25},"end":{"line":35,"column":25}},"locations":[{"start":{"line":35,"column":25},"end":{"line":35,"column":25}}]},"9":{"type":"branch","line":35,"loc":{"start":{"line":35,"column":25},"end":{"line":35,"column":25}},"locations":[{"start":{"line":35,"column":25},"end":{"line":35,"column":25}}]},"10":{"type":"branch","line":35,"loc":{"start":{"line":35,"column":25},"end":{"line":35,"column":25}},"locations":[{"start":{"line":35,"column":25},"end":{"line":35,"column":25}}]},"11":{"type":"branch","line":35,"loc":{"start":{"line":35,"column":25},"end":{"line":35,"column":25}},"locations":[{"start":{"line":35,"column":25},"end":{"line":35,"column":25}}]},"12":{"type":"branch","line":35,"loc":{"start":{"line":35,"column":25},"end":{"line":35,"column":25}},"locations":[{"start":{"line":35,"column":25},"end":{"line":35,"column":25}}]},"13":{"type":"branch","line":35,"loc":{"start":{"line":35,"column":25},"end":{"line":35,"column":25}},"locations":[{"start":{"line":35,"column":25},"end":{"line":35,"column":25}}]}},"b":{"0":[3],"1":[3],"2":[0],"3":[3],"4":[0],"5":[3],"6":[0],"7":[0],"8":[3],"9":[0],"10":[0],"11":[3],"12":[0],"13":[0]},"fnMap":{"0":{"name":"Object.<anonymous>","decl":{"start":{"line":35,"column":25},"end":{"line":35,"column":25}},"loc":{"start":{"line":35,"column":25},"end":{"line":35,"column":25}},"line":35},"1":{"name":"_interopRequireDefault","decl":{"start":{"line":35,"column":25},"end":{"line":35,"column":25}},"loc":{"start":{"line":35,"column":25},"end":{"line":35,"column":25}},"line":35},"2":{"name":"Object.<anonymous>.__signature__","decl":{"start":{"line":35,"column":25},"end":{"line":35,"column":25}},"loc":{"start":{"line":35,"column":25},"end":{"line":35,"column":25}},"line":35},"3":{"name":"call","decl":{"start":{"line":11,"column":4},"end":{"line":32,"column":5}},"loc":{"start":{"line":11,"column":4},"end":{"line":32,"column":5}},"line":11}},"f":{"0":3,"1":3,"2":0,"3":0}}
,"/Users/vimal_m/Desktop/React-Webpack4 Starter Boilerpate/src/utils/player.js": {"path":"/Users/vimal_m/Desktop/React-Webpack4 Starter Boilerpate/src/utils/player.js","statementMap":{"0":{"start":{"line":1,"column":0},"end":{"line":1,"column":31}},"1":{"start":{"line":2,"column":0},"end":{"line":2,"column":43}},"2":{"start":{"line":3,"column":0},"end":{"line":3,"column":53}},"3":{"start":{"line":4,"column":0},"end":{"line":4,"column":3}},"4":{"start":{"line":5,"column":0},"end":{"line":5,"column":19}},"5":{"start":{"line":6,"column":0},"end":{"line":6,"column":3}},"6":{"start":{"line":7,"column":0},"end":{"line":7,"column":16}},"7":{"start":{"line":8,"column":0},"end":{"line":8,"column":17}},"8":{"start":{"line":9,"column":0},"end":{"line":9,"column":39}},"9":{"start":{"line":10,"column":0},"end":{"line":10,"column":59}},"10":{"start":{"line":11,"column":0},"end":{"line":11,"column":26}},"11":{"start":{"line":12,"column":0},"end":{"line":12,"column":32}},"12":{"start":{"line":13,"column":0},"end":{"line":13,"column":20}},"13":{"start":{"line":14,"column":0},"end":{"line":14,"column":6}},"14":{"start":{"line":15,"column":0},"end":{"line":15,"column":12}},"15":{"start":{"line":16,"column":0},"end":{"line":16,"column":42}},"16":{"start":{"line":17,"column":0},"end":{"line":17,"column":6}},"17":{"start":{"line":18,"column":0},"end":{"line":18,"column":15}},"18":{"start":{"line":19,"column":0},"end":{"line":19,"column":45}},"19":{"start":{"line":20,"column":0},"end":{"line":20,"column":27}},"20":{"start":{"line":21,"column":0},"end":{"line":21,"column":5}},"21":{"start":{"line":22,"column":0},"end":{"line":22,"column":2}},"22":{"start":{"line":23,"column":0},"end":{"line":23,"column":0}},"23":{"start":{"line":24,"column":0},"end":{"line":24,"column":22}}},"s":{"0":1,"1":1,"2":1,"3":1,"4":1,"5":1,"6":1,"7":1,"8":1,"9":0,"10":0,"11":0,"12":0,"13":0,"14":1,"15":0,"16":0,"17":1,"18":0,"19":0,"20":0,"21":1,"22":1,"23":1},"branchMap":{"0":{"type":"branch","line":24,"loc":{"start":{"line":24,"column":22},"end":{"line":24,"column":22}},"locations":[{"start":{"line":24,"column":22},"end":{"line":24,"column":22}}]},"1":{"type":"branch","line":24,"loc":{"start":{"line":24,"column":22},"end":{"line":24,"column":22}},"locations":[{"start":{"line":24,"column":22},"end":{"line":24,"column":22}}]},"2":{"type":"branch","line":24,"loc":{"start":{"line":24,"column":22},"end":{"line":24,"column":22}},"locations":[{"start":{"line":24,"column":22},"end":{"line":24,"column":22}}]},"3":{"type":"branch","line":24,"loc":{"start":{"line":24,"column":22},"end":{"line":24,"column":22}},"locations":[{"start":{"line":24,"column":22},"end":{"line":24,"column":22}}]},"4":{"type":"branch","line":24,"loc":{"start":{"line":24,"column":22},"end":{"line":24,"column":22}},"locations":[{"start":{"line":24,"column":22},"end":{"line":24,"column":22}}]},"5":{"type":"branch","line":24,"loc":{"start":{"line":24,"column":22},"end":{"line":24,"column":22}},"locations":[{"start":{"line":24,"column":22},"end":{"line":24,"column":22}}]},"6":{"type":"branch","line":24,"loc":{"start":{"line":24,"column":22},"end":{"line":24,"column":22}},"locations":[{"start":{"line":24,"column":22},"end":{"line":24,"column":22}}]},"7":{"type":"branch","line":24,"loc":{"start":{"line":24,"column":22},"end":{"line":24,"column":22}},"locations":[{"start":{"line":24,"column":22},"end":{"line":24,"column":22}}]},"8":{"type":"branch","line":24,"loc":{"start":{"line":24,"column":22},"end":{"line":24,"column":22}},"locations":[{"start":{"line":24,"column":22},"end":{"line":24,"column":22}}]},"9":{"type":"branch","line":24,"loc":{"start":{"line":24,"column":22},"end":{"line":24,"column":22}},"locations":[{"start":{"line":24,"column":22},"end":{"line":24,"column":22}}]},"10":{"type":"branch","line":24,"loc":{"start":{"line":24,"column":22},"end":{"line":24,"column":22}},"locations":[{"start":{"line":24,"column":22},"end":{"line":24,"column":22}}]},"11":{"type":"branch","line":24,"loc":{"start":{"line":24,"column":22},"end":{"line":24,"column":22}},"locations":[{"start":{"line":24,"column":22},"end":{"line":24,"column":22}}]},"12":{"type":"branch","line":24,"loc":{"start":{"line":24,"column":22},"end":{"line":24,"column":22}},"locations":[{"start":{"line":24,"column":22},"end":{"line":24,"column":22}}]},"13":{"type":"branch","line":24,"loc":{"start":{"line":24,"column":22},"end":{"line":24,"column":22}},"locations":[{"start":{"line":24,"column":22},"end":{"line":24,"column":22}}]},"14":{"type":"branch","line":24,"loc":{"start":{"line":24,"column":22},"end":{"line":24,"column":22}},"locations":[{"start":{"line":24,"column":22},"end":{"line":24,"column":22}}]},"15":{"type":"branch","line":24,"loc":{"start":{"line":24,"column":22},"end":{"line":24,"column":22}},"locations":[{"start":{"line":24,"column":22},"end":{"line":24,"column":22}}]},"16":{"type":"branch","line":24,"loc":{"start":{"line":24,"column":22},"end":{"line":24,"column":22}},"locations":[{"start":{"line":24,"column":22},"end":{"line":24,"column":22}}]},"17":{"type":"branch","line":24,"loc":{"start":{"line":24,"column":22},"end":{"line":24,"column":22}},"locations":[{"start":{"line":24,"column":22},"end":{"line":24,"column":22}}]},"18":{"type":"branch","line":24,"loc":{"start":{"line":24,"column":22},"end":{"line":24,"column":22}},"locations":[{"start":{"line":24,"column":22},"end":{"line":24,"column":22}}]},"19":{"type":"branch","line":24,"loc":{"start":{"line":24,"column":22},"end":{"line":24,"column":22}},"locations":[{"start":{"line":24,"column":22},"end":{"line":24,"column":22}}]},"20":{"type":"branch","line":24,"loc":{"start":{"line":24,"column":22},"end":{"line":24,"column":22}},"locations":[{"start":{"line":24,"column":22},"end":{"line":24,"column":22}}]},"21":{"type":"branch","line":24,"loc":{"start":{"line":24,"column":22},"end":{"line":24,"column":22}},"locations":[{"start":{"line":24,"column":22},"end":{"line":24,"column":22}}]},"22":{"type":"branch","line":24,"loc":{"start":{"line":24,"column":22},"end":{"line":24,"column":22}},"locations":[{"start":{"line":24,"column":22},"end":{"line":24,"column":22}}]},"23":{"type":"branch","line":24,"loc":{"start":{"line":24,"column":22},"end":{"line":24,"column":22}},"locations":[{"start":{"line":24,"column":22},"end":{"line":24,"column":22}}]},"24":{"type":"branch","line":24,"loc":{"start":{"line":24,"column":22},"end":{"line":24,"column":22}},"locations":[{"start":{"line":24,"column":22},"end":{"line":24,"column":22}}]}},"b":{"0":[2],"1":[2],"2":[0],"3":[2],"4":[0],"5":[4],"6":[2],"7":[0],"8":[0],"9":[2],"10":[0],"11":[2],"12":[0],"13":[2],"14":[2],"15":[0],"16":[2],"17":[0],"18":[0],"19":[2],"20":[0],"21":[0],"22":[2],"23":[0],"24":[0]},"fnMap":{"0":{"name":"Object.<anonymous>","decl":{"start":{"line":24,"column":22},"end":{"line":24,"column":22}},"loc":{"start":{"line":24,"column":22},"end":{"line":24,"column":22}},"line":24},"1":{"name":"_getRequireWildcardCache","decl":{"start":{"line":24,"column":22},"end":{"line":24,"column":22}},"loc":{"start":{"line":24,"column":22},"end":{"line":24,"column":22}},"line":24},"2":{"name":"_getRequireWildcardCache","decl":{"start":{"line":24,"column":22},"end":{"line":24,"column":22}},"loc":{"start":{"line":24,"column":22},"end":{"line":24,"column":22}},"line":24},"3":{"name":"_interopRequireWildcard","decl":{"start":{"line":24,"column":22},"end":{"line":24,"column":22}},"loc":{"start":{"line":24,"column":22},"end":{"line":24,"column":22}},"line":24},"4":{"name":"_interopRequireDefault","decl":{"start":{"line":24,"column":22},"end":{"line":24,"column":22}},"loc":{"start":{"line":24,"column":22},"end":{"line":24,"column":22}},"line":24},"5":{"name":"Object.<anonymous>.__signature__","decl":{"start":{"line":24,"column":22},"end":{"line":24,"column":22}},"loc":{"start":{"line":24,"column":22},"end":{"line":24,"column":22}},"line":24},"6":{"name":"init","decl":{"start":{"line":9,"column":4},"end":{"line":14,"column":6}},"loc":{"start":{"line":9,"column":4},"end":{"line":14,"column":6}},"line":9},"7":{"name":"play","decl":{"start":{"line":15,"column":4},"end":{"line":17,"column":6}},"loc":{"start":{"line":15,"column":4},"end":{"line":17,"column":6}},"line":15},"8":{"name":"destroy","decl":{"start":{"line":18,"column":4},"end":{"line":21,"column":5}},"loc":{"start":{"line":18,"column":4},"end":{"line":21,"column":5}},"line":18}},"f":{"0":2,"1":2,"2":0,"3":4,"4":2,"5":0,"6":0,"7":0,"8":0}}
,"/Users/vimal_m/Desktop/React-Webpack4 Starter Boilerpate/test/style-mock.js": {"path":"/Users/vimal_m/Desktop/React-Webpack4 Starter Boilerpate/test/style-mock.js","statementMap":{"0":{"start":{"line":1,"column":0},"end":{"line":1,"column":20}}},"s":{"0":1},"branchMap":{"0":{"type":"branch","line":1,"loc":{"start":{"line":1,"column":20},"end":{"line":1,"column":20}},"locations":[{"start":{"line":1,"column":20},"end":{"line":1,"column":20}}]},"1":{"type":"branch","line":1,"loc":{"start":{"line":1,"column":20},"end":{"line":1,"column":20}},"locations":[{"start":{"line":1,"column":20},"end":{"line":1,"column":20}}]},"2":{"type":"branch","line":1,"loc":{"start":{"line":1,"column":20},"end":{"line":1,"column":20}},"locations":[{"start":{"line":1,"column":20},"end":{"line":1,"column":20}}]}},"b":{"0":[2],"1":[2],"2":[0]},"fnMap":{"0":{"name":"Object.<anonymous>","decl":{"start":{"line":1,"column":20},"end":{"line":1,"column":20}},"loc":{"start":{"line":1,"column":20},"end":{"line":1,"column":20}},"line":1},"1":{"name":"Object.<anonymous>.__signature__","decl":{"start":{"line":1,"column":20},"end":{"line":1,"column":20}},"loc":{"start":{"line":1,"column":20},"end":{"line":1,"column":20}},"line":1}},"f":{"0":2,"1":0}}
,"/Users/vimal_m/Desktop/React-Webpack4 Starter Boilerpate/test/svg-mock.js": {"path":"/Users/vimal_m/Desktop/React-Webpack4 Starter Boilerpate/test/svg-mock.js","statementMap":{"0":{"start":{"line":1,"column":0},"end":{"line":1,"column":20}}},"s":{"0":1},"branchMap":{"0":{"type":"branch","line":1,"loc":{"start":{"line":1,"column":20},"end":{"line":1,"column":20}},"locations":[{"start":{"line":1,"column":20},"end":{"line":1,"column":20}}]},"1":{"type":"branch","line":1,"loc":{"start":{"line":1,"column":20},"end":{"line":1,"column":20}},"locations":[{"start":{"line":1,"column":20},"end":{"line":1,"column":20}}]},"2":{"type":"branch","line":1,"loc":{"start":{"line":1,"column":20},"end":{"line":1,"column":20}},"locations":[{"start":{"line":1,"column":20},"end":{"line":1,"column":20}}]}},"b":{"0":[7],"1":[7],"2":[0]},"fnMap":{"0":{"name":"Object.<anonymous>","decl":{"start":{"line":1,"column":20},"end":{"line":1,"column":20}},"loc":{"start":{"line":1,"column":20},"end":{"line":1,"column":20}},"line":1},"1":{"name":"Object.<anonymous>.__signature__","decl":{"start":{"line":1,"column":20},"end":{"line":1,"column":20}},"loc":{"start":{"line":1,"column":20},"end":{"line":1,"column":20}},"line":1}},"f":{"0":7,"1":0}}
}
