TN:
SF:src/actionCreators.js
FN:47,Object.<anonymous>
FN:47,_interopRequireDefault
FN:47,Object.<anonymous>.__signature__
FN:5,addMoviesList
FN:9,addMoviesDetail
FN:13,fetchMovieDetail
FN:26,fetchMoviesList
FNF:7
FNH:3
FNDA:3,Object.<anonymous>
FNDA:6,_interopRequireDefault
FNDA:0,Object.<anonymous>.__signature__
FNDA:0,addMoviesList
FNDA:0,addMoviesDetail
FNDA:0,fetchMovieDetail
FNDA:1,fetchMoviesList
DA:1,1
DA:2,1
DA:3,1
DA:4,1
DA:5,1
DA:6,0
DA:7,0
DA:8,1
DA:9,1
DA:10,0
DA:11,0
DA:12,1
DA:13,1
DA:14,0
DA:15,0
DA:16,0
DA:17,0
DA:18,0
DA:19,0
DA:20,0
DA:21,0
DA:22,0
DA:23,0
DA:24,0
DA:25,1
DA:26,1
DA:27,1
DA:28,1
DA:29,1
DA:30,1
DA:31,1
DA:32,0
DA:33,0
DA:34,0
DA:35,0
DA:36,0
DA:37,0
DA:38,0
DA:39,0
DA:40,0
DA:41,0
DA:42,0
DA:43,0
DA:44,0
DA:45,0
DA:46,0
DA:47,1
LF:47
LH:17
BRDA:47,0,0,3
BRDA:47,1,0,3
BRDA:47,2,0,0
BRDA:47,3,0,6
BRDA:47,4,0,2
BRDA:47,5,0,4
BRDA:47,6,0,3
BRDA:47,7,0,0
BRDA:47,8,0,0
BRDA:26,9,0,1
BRDA:47,10,0,3
BRDA:47,11,0,0
BRDA:47,12,0,0
BRDA:47,13,0,3
BRDA:47,14,0,0
BRDA:47,15,0,0
BRF:16
BRH:9
end_of_record
TN:
SF:src/actions.js
FN:4,Object.<anonymous>
FN:4,Object.<anonymous>.__signature__
FNF:2
FNH:1
FNDA:3,Object.<anonymous>
FNDA:0,Object.<anonymous>.__signature__
DA:1,1
DA:2,1
DA:3,1
DA:4,1
LF:4
LH:4
BRDA:4,0,0,3
BRDA:4,1,0,3
BRDA:4,2,0,0
BRDA:4,3,0,3
BRDA:4,4,0,0
BRDA:4,5,0,0
BRDA:4,6,0,3
BRDA:4,7,0,0
BRDA:4,8,0,0
BRDA:4,9,0,3
BRDA:4,10,0,0
BRDA:4,11,0,0
BRF:12
BRH:5
end_of_record
TN:
SF:src/components/Button.js
FN:59,Object.<anonymous>
FN:59,_interopRequireDefault
FN:59,_getRequireWildcardCache
FN:59,_getRequireWildcardCache
FN:59,_interopRequireWildcard
FN:59,_defineProperty
FN:59,Object.<anonymous>.__signature__
FN:9,Button
FN:20,render
FN:9,__reactstandin__regenerateByEval
FN:16,onClick
FNF:11
FNH:7
FNDA:6,Object.<anonymous>
FNDA:6,_interopRequireDefault
FNDA:6,_getRequireWildcardCache
FNDA:0,_getRequireWildcardCache
FNDA:6,_interopRequireWildcard
FNDA:12,_defineProperty
FNDA:0,Object.<anonymous>.__signature__
FNDA:7,Button
FNDA:7,render
FNDA:0,__reactstandin__regenerateByEval
FNDA:0,onClick
DA:1,1
DA:2,1
DA:3,1
DA:4,1
DA:5,1
DA:6,1
DA:7,1
DA:8,1
DA:9,1
DA:10,1
DA:11,1
DA:12,1
DA:13,1
DA:14,1
DA:15,1
DA:16,1
DA:17,1
DA:18,1
DA:19,1
DA:20,1
DA:21,7
DA:22,7
DA:23,7
DA:24,7
DA:25,7
DA:26,7
DA:27,7
DA:28,7
DA:29,7
DA:30,7
DA:31,7
DA:32,7
DA:33,1
DA:34,1
DA:35,1
DA:36,1
DA:37,1
DA:38,1
DA:39,1
DA:40,1
DA:41,1
DA:42,1
DA:43,1
DA:44,1
DA:45,1
DA:46,1
DA:47,1
DA:48,1
DA:49,1
DA:50,1
DA:51,1
DA:52,1
DA:53,1
DA:54,1
DA:55,1
DA:56,1
DA:57,1
DA:58,1
DA:59,1
LF:59
LH:59
BRDA:59,0,0,6
BRDA:59,1,0,6
BRDA:59,2,0,0
BRDA:59,3,0,6
BRDA:59,4,0,0
BRDA:59,5,0,6
BRDA:59,6,0,0
BRDA:59,7,0,6
BRDA:59,8,0,0
BRDA:59,9,0,0
BRDA:59,10,0,0
BRDA:59,11,0,0
BRDA:59,12,0,168
BRDA:59,13,0,0
BRDA:59,14,0,0
BRDA:59,15,0,6
BRDA:59,16,0,0
BRDA:59,17,0,0
BRDA:59,18,0,12
BRDA:59,19,0,0
BRDA:9,20,0,7
BRDA:20,21,0,7
BRDA:27,22,0,5
BRDA:27,23,0,2
BRDA:51,24,0,5
BRDA:59,25,0,6
BRDA:59,26,0,0
BRDA:59,27,0,0
BRDA:59,28,0,6
BRDA:59,29,0,0
BRDA:59,30,0,0
BRF:31
BRH:15
end_of_record
TN:
SF:src/components/DetailsHeader.js
FN:87,Object.<anonymous>
FN:87,_interopRequireDefault
FN:87,_getRequireWildcardCache
FN:87,_getRequireWildcardCache
FN:87,_interopRequireWildcard
FN:87,_defineProperty
FN:87,Object.<anonymous>.__signature__
FN:11,DetailsHeader
FN:24,render
FN:11,__reactstandin__regenerateByEval
FN:45,mapStateToProps
FNF:11
FNH:8
FNDA:1,Object.<anonymous>
FNDA:1,_interopRequireDefault
FNDA:1,_getRequireWildcardCache
FNDA:0,_getRequireWildcardCache
FNDA:1,_interopRequireWildcard
FNDA:2,_defineProperty
FNDA:0,Object.<anonymous>.__signature__
FNDA:1,DetailsHeader
FNDA:1,render
FNDA:0,__reactstandin__regenerateByEval
FNDA:1,mapStateToProps
DA:1,1
DA:2,1
DA:3,1
DA:4,1
DA:5,1
DA:6,1
DA:7,1
DA:8,1
DA:9,1
DA:10,1
DA:11,1
DA:12,1
DA:13,1
DA:14,1
DA:15,1
DA:16,1
DA:17,1
DA:18,1
DA:19,1
DA:20,1
DA:21,1
DA:22,1
DA:23,1
DA:24,1
DA:25,1
DA:26,1
DA:27,1
DA:28,1
DA:29,1
DA:30,1
DA:31,1
DA:32,1
DA:33,1
DA:34,1
DA:35,1
DA:36,1
DA:37,1
DA:38,1
DA:39,1
DA:40,1
DA:41,1
DA:42,1
DA:43,1
DA:44,1
DA:45,1
DA:46,1
DA:47,1
DA:48,1
DA:49,1
DA:50,1
DA:51,1
DA:52,1
DA:53,1
DA:54,1
DA:55,1
DA:56,1
DA:57,1
DA:58,1
DA:59,1
DA:60,1
DA:61,1
DA:62,1
DA:63,1
DA:64,1
DA:65,1
DA:66,1
DA:67,1
DA:68,1
DA:69,1
DA:70,1
DA:71,1
DA:72,1
DA:73,1
DA:74,1
DA:75,1
DA:76,1
DA:77,1
DA:78,1
DA:79,1
DA:80,1
DA:81,1
DA:82,1
DA:83,1
DA:84,1
DA:85,1
DA:86,1
DA:87,1
LF:87
LH:87
BRDA:87,0,0,1
BRDA:87,1,0,1
BRDA:87,2,0,0
BRDA:87,3,0,1
BRDA:87,4,0,0
BRDA:87,5,0,1
BRDA:87,6,0,0
BRDA:87,7,0,1
BRDA:87,8,0,0
BRDA:87,9,0,0
BRDA:87,10,0,0
BRDA:87,11,0,0
BRDA:87,12,0,28
BRDA:87,13,0,0
BRDA:87,14,0,0
BRDA:87,15,0,1
BRDA:87,16,0,0
BRDA:87,17,0,0
BRDA:87,18,0,2
BRDA:87,19,0,0
BRDA:11,20,0,1
BRDA:24,21,0,1
BRDA:25,22,0,0
BRDA:45,23,0,1
BRDA:87,24,0,1
BRDA:87,25,0,0
BRDA:87,26,0,0
BRDA:87,27,0,1
BRDA:87,28,0,0
BRDA:87,29,0,0
BRF:30
BRH:13
end_of_record
TN:
SF:src/components/HorizontalList.js
FN:256,Object.<anonymous>
FN:256,_interopRequireDefault
FN:256,_getRequireWildcardCache
FN:256,_getRequireWildcardCache
FN:256,_interopRequireWildcard
FN:256,_defineProperty
FN:256,Object.<anonymous>.__signature__
FN:7,HorizontalList
FN:38,HorizontalList._defineProperty
FN:69,HorizontalList._defineProperty
FN:76,HorizontalList._defineProperty
FN:89,HorizontalList._defineProperty
FN:109,HorizontalList.e
FN:141,HorizontalList._defineProperty
FN:167,HorizontalList.e
FN:24,componentDidMount
FN:26,setTimeout
FN:34,componentWillUnmount
FN:196,render
FN:203,_react.default.Children.map
FN:7,__reactstandin__regenerateByEval
FNF:21
FNH:10
FNDA:3,Object.<anonymous>
FNDA:3,_interopRequireDefault
FNDA:3,_getRequireWildcardCache
FNDA:3,_getRequireWildcardCache
FNDA:6,_interopRequireWildcard
FNDA:46,_defineProperty
FNDA:0,Object.<anonymous>.__signature__
FNDA:4,HorizontalList
FNDA:0,HorizontalList._defineProperty
FNDA:0,HorizontalList._defineProperty
FNDA:0,HorizontalList._defineProperty
FNDA:0,HorizontalList._defineProperty
FNDA:0,HorizontalList.e
FNDA:0,HorizontalList._defineProperty
FNDA:0,HorizontalList.e
FNDA:3,componentDidMount
FNDA:0,setTimeout
FNDA:0,componentWillUnmount
FNDA:4,render
FNDA:72,_react.default.Children.map
FNDA:0,__reactstandin__regenerateByEval
DA:1,1
DA:2,1
DA:3,1
DA:4,1
DA:5,1
DA:6,1
DA:7,1
DA:8,1
DA:9,1
DA:10,1
DA:11,1
DA:12,1
DA:13,1
DA:14,1
DA:15,1
DA:16,1
DA:17,1
DA:18,1
DA:19,1
DA:20,1
DA:21,1
DA:22,1
DA:23,1
DA:24,1
DA:25,3
DA:26,3
DA:27,0
DA:28,0
DA:29,0
DA:30,3
DA:31,3
DA:32,3
DA:33,1
DA:34,1
DA:35,0
DA:36,0
DA:37,1
DA:38,1
DA:39,0
DA:40,0
DA:41,0
DA:42,0
DA:43,0
DA:44,0
DA:45,0
DA:46,0
DA:47,0
DA:48,0
DA:49,0
DA:50,0
DA:51,0
DA:52,0
DA:53,0
DA:54,0
DA:55,0
DA:56,0
DA:57,0
DA:58,0
DA:59,0
DA:60,0
DA:61,0
DA:62,0
DA:63,0
DA:64,0
DA:65,0
DA:66,0
DA:67,0
DA:68,1
DA:69,1
DA:70,0
DA:71,0
DA:72,0
DA:73,0
DA:74,0
DA:75,1
DA:76,1
DA:77,0
DA:78,0
DA:79,0
DA:80,0
DA:81,0
DA:82,0
DA:83,0
DA:84,0
DA:85,0
DA:86,0
DA:87,0
DA:88,1
DA:89,1
DA:90,0
DA:91,0
DA:92,0
DA:93,0
DA:94,0
DA:95,0
DA:96,0
DA:97,0
DA:98,0
DA:99,0
DA:100,0
DA:101,0
DA:102,0
DA:103,0
DA:104,0
DA:105,0
DA:106,0
DA:107,0
DA:108,1
DA:109,1
DA:110,0
DA:111,0
DA:112,0
DA:113,0
DA:114,0
DA:115,0
DA:116,0
DA:117,0
DA:118,0
DA:119,0
DA:120,0
DA:121,0
DA:122,0
DA:123,0
DA:124,0
DA:125,0
DA:126,0
DA:127,0
DA:128,0
DA:129,0
DA:130,0
DA:131,0
DA:132,0
DA:133,0
DA:134,0
DA:135,0
DA:136,0
DA:137,0
DA:138,0
DA:139,0
DA:140,1
DA:141,1
DA:142,0
DA:143,0
DA:144,0
DA:145,0
DA:146,0
DA:147,0
DA:148,0
DA:149,0
DA:150,0
DA:151,0
DA:152,0
DA:153,0
DA:154,0
DA:155,0
DA:156,0
DA:157,0
DA:158,0
DA:159,0
DA:160,0
DA:161,0
DA:162,0
DA:163,0
DA:164,0
DA:165,0
DA:166,1
DA:167,1
DA:168,0
DA:169,0
DA:170,0
DA:171,0
DA:172,0
DA:173,0
DA:174,0
DA:175,0
DA:176,0
DA:177,0
DA:178,0
DA:179,0
DA:180,0
DA:181,0
DA:182,0
DA:183,0
DA:184,0
DA:185,0
DA:186,0
DA:187,0
DA:188,0
DA:189,0
DA:190,0
DA:191,0
DA:192,0
DA:193,0
DA:194,0
DA:195,1
DA:196,1
DA:197,4
DA:198,4
DA:199,4
DA:200,4
DA:201,4
DA:202,4
DA:203,4
DA:204,4
DA:205,4
DA:206,4
DA:207,4
DA:208,4
DA:209,4
DA:210,4
DA:211,4
DA:212,4
DA:213,4
DA:214,4
DA:215,4
DA:216,4
DA:217,4
DA:218,4
DA:219,4
DA:220,4
DA:221,4
DA:222,1
DA:223,1
DA:224,1
DA:225,1
DA:226,1
DA:227,1
DA:228,1
DA:229,1
DA:230,1
DA:231,1
DA:232,1
DA:233,1
DA:234,1
DA:235,1
DA:236,1
DA:237,1
DA:238,1
DA:239,1
DA:240,1
DA:241,1
DA:242,1
DA:243,1
DA:244,1
DA:245,1
DA:246,1
DA:247,1
DA:248,1
DA:249,1
DA:250,1
DA:251,1
DA:252,1
DA:253,1
DA:254,1
DA:255,1
DA:256,1
LF:256
LH:107
BRDA:256,0,0,3
BRDA:256,1,0,3
BRDA:256,2,0,0
BRDA:256,3,0,3
BRDA:256,4,0,0
BRDA:256,5,0,3
BRDA:256,6,0,0
BRDA:256,7,0,3
BRDA:256,8,0,6
BRDA:256,9,0,0
BRDA:256,10,0,0
BRDA:256,11,0,0
BRDA:256,12,0,0
BRDA:256,13,0,147
BRDA:256,14,0,0
BRDA:256,15,0,0
BRDA:256,16,0,3
BRDA:256,17,0,0
BRDA:256,18,0,0
BRDA:256,19,0,46
BRDA:256,20,0,0
BRDA:7,21,0,4
BRDA:24,22,0,3
BRDA:196,23,0,4
BRDA:203,24,0,72
BRDA:256,25,0,3
BRDA:256,26,0,0
BRDA:256,27,0,0
BRDA:256,28,0,3
BRDA:256,29,0,0
BRDA:256,30,0,0
BRF:31
BRH:15
end_of_record
TN:
SF:src/components/Image.js
FN:48,Object.<anonymous>
FN:48,_interopRequireDefault
FN:48,_getRequireWildcardCache
FN:48,_getRequireWildcardCache
FN:48,_interopRequireWildcard
FN:48,_defineProperty
FN:48,Object.<anonymous>.__signature__
FN:6,Image
FN:18,Image._defineProperty
FN:25,render
FN:6,__reactstandin__regenerateByEval
FNF:11
FNH:7
FNDA:4,Object.<anonymous>
FNDA:4,_interopRequireDefault
FNDA:4,_getRequireWildcardCache
FNDA:0,_getRequireWildcardCache
FNDA:4,_interopRequireWildcard
FNDA:80,_defineProperty
FNDA:0,Object.<anonymous>.__signature__
FNDA:36,Image
FNDA:0,Image._defineProperty
FNDA:36,render
FNDA:0,__reactstandin__regenerateByEval
DA:1,1
DA:2,1
DA:3,1
DA:4,1
DA:5,1
DA:6,1
DA:7,1
DA:8,1
DA:9,1
DA:10,1
DA:11,1
DA:12,1
DA:13,1
DA:14,1
DA:15,1
DA:16,1
DA:17,1
DA:18,1
DA:19,0
DA:20,0
DA:21,0
DA:22,0
DA:23,0
DA:24,1
DA:25,1
DA:26,36
DA:27,36
DA:28,36
DA:29,36
DA:30,36
DA:31,36
DA:32,36
DA:33,36
DA:34,36
DA:35,36
DA:36,36
DA:37,36
DA:38,36
DA:39,36
DA:40,36
DA:41,36
DA:42,36
DA:43,36
DA:44,36
DA:45,36
DA:46,1
DA:47,1
DA:48,1
LF:48
LH:43
BRDA:48,0,0,4
BRDA:48,1,0,4
BRDA:48,2,0,0
BRDA:48,3,0,4
BRDA:48,4,0,0
BRDA:48,5,0,4
BRDA:48,6,0,0
BRDA:48,7,0,4
BRDA:48,8,0,0
BRDA:48,9,0,0
BRDA:48,10,0,0
BRDA:48,11,0,0
BRDA:48,12,0,112
BRDA:48,13,0,0
BRDA:48,14,0,0
BRDA:48,15,0,4
BRDA:48,16,0,0
BRDA:48,17,0,0
BRDA:48,18,0,80
BRDA:48,19,0,0
BRDA:6,20,0,36
BRDA:25,21,0,36
BRDA:34,22,0,0
BRDA:40,23,0,0
BRDA:48,24,0,4
BRDA:48,25,0,0
BRDA:48,26,0,0
BRDA:48,27,0,4
BRDA:48,28,0,0
BRDA:48,29,0,0
BRF:30
BRH:12
end_of_record
TN:
SF:src/components/List.js
FN:43,Object.<anonymous>
FN:43,_interopRequireDefault
FN:43,_getRequireWildcardCache
FN:43,_getRequireWildcardCache
FN:43,_interopRequireWildcard
FN:43,_defineProperty
FN:43,Object.<anonymous>.__signature__
FN:7,List
FN:25,render
FN:26,_react.default.Children.map.childElement
FN:7,__reactstandin__regenerateByEval
FN:16,Object.<anonymous>.props
FN:19,Object.<anonymous>.props
FNF:13
FNH:11
FNDA:2,Object.<anonymous>
FNDA:2,_interopRequireDefault
FNDA:2,_getRequireWildcardCache
FNDA:2,_getRequireWildcardCache
FNDA:4,_interopRequireWildcard
FNDA:8,_defineProperty
FNDA:0,Object.<anonymous>.__signature__
FNDA:2,List
FNDA:2,render
FNDA:4,_react.default.Children.map.childElement
FNDA:0,__reactstandin__regenerateByEval
FNDA:2,Object.<anonymous>.props
FNDA:2,Object.<anonymous>.props
DA:1,1
DA:2,1
DA:3,1
DA:4,1
DA:5,1
DA:6,1
DA:7,1
DA:8,1
DA:9,1
DA:10,1
DA:11,1
DA:12,1
DA:13,1
DA:14,1
DA:15,1
DA:16,1
DA:17,2
DA:18,2
DA:19,1
DA:20,2
DA:21,0
DA:22,0
DA:23,2
DA:24,1
DA:25,1
DA:26,2
DA:27,4
DA:28,4
DA:29,4
DA:30,4
DA:31,4
DA:32,4
DA:33,2
DA:34,1
DA:35,1
DA:36,1
DA:37,1
DA:38,1
DA:39,1
DA:40,1
DA:41,1
DA:42,1
DA:43,1
LF:43
LH:41
BRDA:43,0,0,2
BRDA:43,1,0,2
BRDA:43,2,0,0
BRDA:43,3,0,2
BRDA:43,4,0,0
BRDA:43,5,0,2
BRDA:43,6,0,0
BRDA:43,7,0,2
BRDA:43,8,0,4
BRDA:43,9,0,0
BRDA:43,10,0,0
BRDA:43,11,0,0
BRDA:43,12,0,0
BRDA:43,13,0,98
BRDA:43,14,0,0
BRDA:43,15,0,0
BRDA:43,16,0,2
BRDA:43,17,0,0
BRDA:43,18,0,0
BRDA:43,19,0,8
BRDA:43,20,0,0
BRDA:7,21,0,2
BRDA:25,22,0,2
BRDA:26,23,0,4
BRDA:16,24,0,2
BRDA:17,25,0,0
BRDA:19,26,0,2
BRDA:20,27,0,0
BRDA:43,28,0,2
BRDA:43,29,0,0
BRDA:43,30,0,0
BRDA:43,31,0,2
BRDA:43,32,0,0
BRDA:43,33,0,0
BRF:34
BRH:16
end_of_record
TN:
SF:src/components/MoviesList.js
FN:78,Object.<anonymous>
FN:78,_interopRequireDefault
FN:78,_getRequireWildcardCache
FN:78,_getRequireWildcardCache
FN:78,_interopRequireWildcard
FN:78,_defineProperty
FN:78,Object.<anonymous>.__signature__
FN:11,MoviesList
FN:21,componentDidMount
FN:26,render
FN:29,props.moviesList.map.list
FN:38,list.contents.data.map.movieItem
FN:11,__reactstandin__regenerateByEval
FN:60,fetchMoviesList
FNF:14
FNH:11
FNDA:2,Object.<anonymous>
FNDA:4,_interopRequireDefault
FNDA:2,_getRequireWildcardCache
FNDA:0,_getRequireWildcardCache
FNDA:2,_interopRequireWildcard
FNDA:4,_defineProperty
FNDA:0,Object.<anonymous>.__signature__
FNDA:3,MoviesList
FNDA:2,componentDidMount
FNDA:3,render
FNDA:2,props.moviesList.map.list
FNDA:36,list.contents.data.map.movieItem
FNDA:0,__reactstandin__regenerateByEval
FNDA:1,fetchMoviesList
DA:1,1
DA:2,1
DA:3,1
DA:4,1
DA:5,1
DA:6,1
DA:7,1
DA:8,1
DA:9,1
DA:10,1
DA:11,1
DA:12,1
DA:13,1
DA:14,1
DA:15,1
DA:16,1
DA:17,1
DA:18,1
DA:19,1
DA:20,1
DA:21,1
DA:22,2
DA:23,1
DA:24,1
DA:25,1
DA:26,1
DA:27,3
DA:28,3
DA:29,3
DA:30,2
DA:31,2
DA:32,2
DA:33,2
DA:34,2
DA:35,2
DA:36,2
DA:37,2
DA:38,2
DA:39,36
DA:40,36
DA:41,36
DA:42,36
DA:43,36
DA:44,36
DA:45,36
DA:46,36
DA:47,36
DA:48,36
DA:49,36
DA:50,2
DA:51,2
DA:52,2
DA:53,2
DA:54,2
DA:55,3
DA:56,1
DA:57,1
DA:58,1
DA:59,1
DA:60,1
DA:61,1
DA:62,1
DA:63,1
DA:64,1
DA:65,1
DA:66,1
DA:67,1
DA:68,1
DA:69,1
DA:70,1
DA:71,1
DA:72,1
DA:73,1
DA:74,1
DA:75,1
DA:76,1
DA:77,1
DA:78,1
LF:78
LH:78
BRDA:78,0,0,2
BRDA:78,1,0,2
BRDA:78,2,0,0
BRDA:78,3,0,4
BRDA:78,4,0,0
BRDA:78,5,0,2
BRDA:78,6,0,0
BRDA:78,7,0,2
BRDA:78,8,0,0
BRDA:78,9,0,0
BRDA:78,10,0,0
BRDA:78,11,0,0
BRDA:78,12,0,56
BRDA:78,13,0,0
BRDA:78,14,0,0
BRDA:78,15,0,2
BRDA:78,16,0,0
BRDA:78,17,0,0
BRDA:78,18,0,4
BRDA:78,19,0,0
BRDA:11,20,0,3
BRDA:21,21,0,2
BRDA:22,22,0,1
BRDA:26,23,0,3
BRDA:28,24,0,0
BRDA:29,25,0,2
BRDA:38,26,0,36
BRDA:60,27,0,1
BRDA:78,28,0,2
BRDA:78,29,0,0
BRDA:78,30,0,0
BRDA:78,31,0,2
BRDA:78,32,0,0
BRDA:78,33,0,0
BRF:34
BRH:17
end_of_record
TN:
SF:src/components/PortraitItem.js
FN:50,Object.<anonymous>
FN:50,_getRequireWildcardCache
FN:50,_getRequireWildcardCache
FN:50,_interopRequireWildcard
FN:50,_interopRequireDefault
FN:50,_defineProperty
FN:50,Object.<anonymous>.__signature__
FN:10,PortraitItem
FN:19,render
FN:10,__reactstandin__regenerateByEval
FNF:10
FNH:7
FNDA:4,Object.<anonymous>
FNDA:4,_getRequireWildcardCache
FNDA:0,_getRequireWildcardCache
FNDA:4,_interopRequireWildcard
FNDA:8,_interopRequireDefault
FNDA:8,_defineProperty
FNDA:0,Object.<anonymous>.__signature__
FNDA:38,PortraitItem
FNDA:38,render
FNDA:0,__reactstandin__regenerateByEval
DA:1,1
DA:2,1
DA:3,1
DA:4,1
DA:5,1
DA:6,1
DA:7,1
DA:8,1
DA:9,1
DA:10,1
DA:11,1
DA:12,1
DA:13,1
DA:14,1
DA:15,1
DA:16,1
DA:17,1
DA:18,1
DA:19,1
DA:20,38
DA:21,38
DA:22,38
DA:23,38
DA:24,38
DA:25,38
DA:26,38
DA:27,38
DA:28,38
DA:29,38
DA:30,1
DA:31,1
DA:32,1
DA:33,1
DA:34,1
DA:35,1
DA:36,1
DA:37,1
DA:38,1
DA:39,1
DA:40,1
DA:41,1
DA:42,1
DA:43,1
DA:44,1
DA:45,1
DA:46,1
DA:47,1
DA:48,1
DA:49,1
DA:50,1
LF:50
LH:50
BRDA:50,0,0,4
BRDA:50,1,0,4
BRDA:50,2,0,0
BRDA:50,3,0,4
BRDA:50,4,0,0
BRDA:50,5,0,4
BRDA:50,6,0,0
BRDA:50,7,0,0
BRDA:50,8,0,0
BRDA:50,9,0,0
BRDA:50,10,0,84
BRDA:50,11,0,0
BRDA:50,12,0,0
BRDA:50,13,0,8
BRDA:50,14,0,4
BRDA:50,15,0,4
BRDA:50,16,0,4
BRDA:50,17,0,0
BRDA:50,18,0,0
BRDA:50,19,0,8
BRDA:50,20,0,0
BRDA:10,21,0,38
BRDA:19,22,0,38
BRDA:50,23,0,4
BRDA:50,24,0,0
BRDA:50,25,0,0
BRDA:50,26,0,4
BRDA:50,27,0,0
BRDA:50,28,0,0
BRF:29
BRH:14
end_of_record
TN:
SF:src/components/RoundedButton.js
FN:86,Object.<anonymous>
FN:86,_getRequireWildcardCache
FN:86,_getRequireWildcardCache
FN:86,_interopRequireWildcard
FN:86,_defineProperty
FN:86,Object.<anonymous>.__signature__
FN:9,RoundedButton
FN:18,render
FN:9,__reactstandin__regenerateByEval
FNF:9
FNH:7
FNDA:2,Object.<anonymous>
FNDA:2,_getRequireWildcardCache
FNDA:2,_getRequireWildcardCache
FNDA:4,_interopRequireWildcard
FNDA:4,_defineProperty
FNDA:0,Object.<anonymous>.__signature__
FNDA:2,RoundedButton
FNDA:2,render
FNDA:0,__reactstandin__regenerateByEval
DA:1,1
DA:2,1
DA:3,1
DA:4,1
DA:5,1
DA:6,1
DA:7,1
DA:8,1
DA:9,1
DA:10,1
DA:11,1
DA:12,1
DA:13,1
DA:14,1
DA:15,1
DA:16,1
DA:17,1
DA:18,1
DA:19,2
DA:20,2
DA:21,2
DA:22,2
DA:23,2
DA:24,2
DA:25,2
DA:26,2
DA:27,2
DA:28,2
DA:29,2
DA:30,2
DA:31,2
DA:32,2
DA:33,2
DA:34,2
DA:35,2
DA:36,2
DA:37,1
DA:38,1
DA:39,1
DA:40,1
DA:41,1
DA:42,1
DA:43,1
DA:44,1
DA:45,1
DA:46,1
DA:47,1
DA:48,1
DA:49,1
DA:50,1
DA:51,1
DA:52,1
DA:53,1
DA:54,1
DA:55,1
DA:56,1
DA:57,1
DA:58,1
DA:59,1
DA:60,1
DA:61,1
DA:62,1
DA:63,1
DA:64,1
DA:65,1
DA:66,1
DA:67,1
DA:68,1
DA:69,1
DA:70,1
DA:71,1
DA:72,1
DA:73,1
DA:74,1
DA:75,1
DA:76,1
DA:77,1
DA:78,1
DA:79,1
DA:80,1
DA:81,1
DA:82,1
DA:83,1
DA:84,1
DA:85,1
DA:86,1
LF:86
LH:86
BRDA:86,0,0,2
BRDA:86,1,0,2
BRDA:86,2,0,0
BRDA:86,3,0,2
BRDA:86,4,0,0
BRDA:86,5,0,2
BRDA:86,6,0,4
BRDA:86,7,0,0
BRDA:86,8,0,0
BRDA:86,9,0,0
BRDA:86,10,0,0
BRDA:86,11,0,98
BRDA:86,12,0,0
BRDA:86,13,0,0
BRDA:86,14,0,2
BRDA:86,15,0,0
BRDA:86,16,0,0
BRDA:86,17,0,4
BRDA:86,18,0,0
BRDA:9,19,0,2
BRDA:18,20,0,2
BRDA:86,21,0,2
BRDA:86,22,0,0
BRDA:86,23,0,0
BRDA:86,24,0,2
BRDA:86,25,0,0
BRDA:86,26,0,0
BRF:27
BRH:12
end_of_record
TN:
SF:src/components/VideoPlayer.js
FN:70,Object.<anonymous>
FN:70,_interopRequireDefault
FN:70,_defineProperty
FN:70,Object.<anonymous>.__signature__
FN:8,VideoPlayer
FN:11,componentDidMount
FN:26,componentWillUnmount
FN:33,render
FN:38,ref
FN:8,__reactstandin__regenerateByEval
FNF:10
FNH:5
FNDA:2,Object.<anonymous>
FNDA:4,_interopRequireDefault
FNDA:3,_defineProperty
FNDA:0,Object.<anonymous>.__signature__
FNDA:3,VideoPlayer
FNDA:0,componentDidMount
FNDA:0,componentWillUnmount
FNDA:3,render
FNDA:0,ref
FNDA:0,__reactstandin__regenerateByEval
DA:1,1
DA:2,1
DA:3,1
DA:4,1
DA:5,1
DA:6,1
DA:7,1
DA:8,1
DA:9,1
DA:10,1
DA:11,1
DA:12,0
DA:13,0
DA:14,0
DA:15,0
DA:16,0
DA:17,0
DA:18,0
DA:19,0
DA:20,0
DA:21,0
DA:22,0
DA:23,0
DA:24,0
DA:25,1
DA:26,1
DA:27,0
DA:28,0
DA:29,0
DA:30,0
DA:31,0
DA:32,1
DA:33,1
DA:34,3
DA:35,3
DA:36,3
DA:37,3
DA:38,3
DA:39,3
DA:40,3
DA:41,3
DA:42,3
DA:43,3
DA:44,3
DA:45,3
DA:46,1
DA:47,1
DA:48,1
DA:49,1
DA:50,1
DA:51,1
DA:52,1
DA:53,1
DA:54,1
DA:55,1
DA:56,1
DA:57,1
DA:58,1
DA:59,1
DA:60,1
DA:61,1
DA:62,1
DA:63,1
DA:64,1
DA:65,1
DA:66,1
DA:67,1
DA:68,1
DA:69,1
DA:70,1
LF:70
LH:52
BRDA:70,0,0,2
BRDA:70,1,0,2
BRDA:70,2,0,0
BRDA:70,3,0,4
BRDA:70,4,0,2
BRDA:70,5,0,2
BRDA:70,6,0,2
BRDA:70,7,0,0
BRDA:70,8,0,0
BRDA:70,9,0,3
BRDA:70,10,0,0
BRDA:8,11,0,3
BRDA:33,12,0,3
BRDA:70,13,0,2
BRDA:70,14,0,0
BRDA:70,15,0,0
BRDA:70,16,0,2
BRDA:70,17,0,0
BRDA:70,18,0,0
BRF:19
BRH:11
end_of_record
TN:
SF:src/components/hocs/withBackButton.js
FN:36,Object.<anonymous>
FN:36,_getRequireWildcardCache
FN:36,_getRequireWildcardCache
FN:36,_interopRequireWildcard
FN:36,_extends
FN:36,_extends
FN:36,_defineProperty
FN:36,Object.<anonymous>.__signature__
FN:5,withBackButton
FN:6,Sub
FN:7,Sub._defineProperty
FN:15,render
FN:6,__reactstandin__regenerateByEval
FNF:13
FNH:8
FNDA:2,Object.<anonymous>
FNDA:2,_getRequireWildcardCache
FNDA:0,_getRequireWildcardCache
FNDA:2,_interopRequireWildcard
FNDA:1,_extends
FNDA:0,_extends
FNDA:1,_defineProperty
FNDA:0,Object.<anonymous>.__signature__
FNDA:2,withBackButton
FNDA:1,Sub
FNDA:0,Sub._defineProperty
FNDA:1,render
FNDA:0,__reactstandin__regenerateByEval
DA:1,1
DA:2,1
DA:3,1
DA:4,1
DA:5,1
DA:6,2
DA:7,2
DA:8,0
DA:9,0
DA:10,0
DA:11,0
DA:12,0
DA:13,0
DA:14,0
DA:15,2
DA:16,1
DA:17,1
DA:18,1
DA:19,1
DA:20,1
DA:21,1
DA:22,1
DA:23,2
DA:24,2
DA:25,2
DA:26,2
DA:27,2
DA:28,2
DA:29,2
DA:30,2
DA:31,2
DA:32,2
DA:33,2
DA:34,2
DA:35,1
DA:36,1
LF:36
LH:29
BRDA:36,0,0,2
BRDA:36,1,0,2
BRDA:36,2,0,0
BRDA:36,3,0,2
BRDA:36,4,0,0
BRDA:36,5,0,2
BRDA:36,6,0,0
BRDA:36,7,0,0
BRDA:36,8,0,0
BRDA:36,9,0,0
BRDA:36,10,0,56
BRDA:36,11,0,0
BRDA:36,12,0,0
BRDA:36,13,0,2
BRDA:36,14,0,0
BRDA:36,15,0,0
BRDA:36,16,0,1
BRDA:36,17,0,0
BRDA:36,18,0,1
BRDA:36,19,0,0
BRDA:5,20,0,2
BRDA:6,21,0,1
BRDA:15,22,0,1
BRDA:36,23,0,2
BRDA:36,24,0,0
BRDA:36,25,0,0
BRDA:36,26,0,2
BRDA:36,27,0,0
BRDA:36,28,0,0
BRF:29
BRH:13
end_of_record
TN:
SF:src/components/pages/Details.js
FN:58,Object.<anonymous>
FN:58,_interopRequireDefault
FN:58,_getRequireWildcardCache
FN:58,_getRequireWildcardCache
FN:58,_interopRequireWildcard
FN:58,_defineProperty
FN:58,Object.<anonymous>.__signature__
FN:11,Details
FN:31,Details.e
FN:24,componentDidMount
FN:35,render
FN:11,__reactstandin__regenerateByEval
FN:19,onBackButtonClicked
FN:20,fetchMovieDetail
FN:48,fetchMovieDetail
FNF:15
FNH:7
FNDA:1,Object.<anonymous>
FNDA:3,_interopRequireDefault
FNDA:1,_getRequireWildcardCache
FNDA:0,_getRequireWildcardCache
FNDA:1,_interopRequireWildcard
FNDA:3,_defineProperty
FNDA:0,Object.<anonymous>.__signature__
FNDA:1,Details
FNDA:0,Details.e
FNDA:0,componentDidMount
FNDA:1,render
FNDA:0,__reactstandin__regenerateByEval
FNDA:0,onBackButtonClicked
FNDA:0,fetchMovieDetail
FNDA:0,fetchMovieDetail
DA:1,1
DA:2,1
DA:3,1
DA:4,1
DA:5,1
DA:6,1
DA:7,1
DA:8,1
DA:9,1
DA:10,1
DA:11,1
DA:12,1
DA:13,1
DA:14,1
DA:15,1
DA:16,1
DA:17,1
DA:18,1
DA:19,1
DA:20,1
DA:21,1
DA:22,1
DA:23,1
DA:24,1
DA:25,0
DA:26,0
DA:27,0
DA:28,0
DA:29,0
DA:30,1
DA:31,1
DA:32,0
DA:33,0
DA:34,1
DA:35,1
DA:36,1
DA:37,1
DA:38,1
DA:39,1
DA:40,1
DA:41,1
DA:42,1
DA:43,1
DA:44,1
DA:45,1
DA:46,1
DA:47,1
DA:48,1
DA:49,0
DA:50,0
DA:51,1
DA:52,1
DA:53,1
DA:54,1
DA:55,1
DA:56,1
DA:57,1
DA:58,1
LF:58
LH:49
BRDA:58,0,0,1
BRDA:58,1,0,1
BRDA:58,2,0,0
BRDA:58,3,0,3
BRDA:58,4,0,0
BRDA:58,5,0,1
BRDA:58,6,0,0
BRDA:58,7,0,1
BRDA:58,8,0,0
BRDA:58,9,0,0
BRDA:58,10,0,0
BRDA:58,11,0,0
BRDA:58,12,0,28
BRDA:58,13,0,0
BRDA:58,14,0,0
BRDA:58,15,0,1
BRDA:58,16,0,0
BRDA:58,17,0,0
BRDA:58,18,0,3
BRDA:58,19,0,0
BRDA:11,20,0,1
BRDA:35,21,0,1
BRDA:58,22,0,1
BRDA:58,23,0,0
BRDA:58,24,0,0
BRDA:58,25,0,1
BRDA:58,26,0,0
BRDA:58,27,0,0
BRF:28
BRH:12
end_of_record
TN:
SF:src/components/pages/Home.js
FN:15,Object.<anonymous>
FN:15,_interopRequireDefault
FN:15,_getRequireWildcardCache
FN:15,_getRequireWildcardCache
FN:15,_interopRequireWildcard
FN:15,Object.<anonymous>.__signature__
FN:5,Home
FN:6,render
FN:5,__reactstandin__regenerateByEval
FNF:9
FNH:6
FNDA:1,Object.<anonymous>
FNDA:1,_interopRequireDefault
FNDA:1,_getRequireWildcardCache
FNDA:0,_getRequireWildcardCache
FNDA:1,_interopRequireWildcard
FNDA:0,Object.<anonymous>.__signature__
FNDA:1,Home
FNDA:1,render
FNDA:0,__reactstandin__regenerateByEval
DA:1,1
DA:2,1
DA:3,1
DA:4,1
DA:5,1
DA:6,1
DA:7,1
DA:8,1
DA:9,1
DA:10,1
DA:11,1
DA:12,1
DA:13,1
DA:14,1
DA:15,1
LF:15
LH:15
BRDA:15,0,0,1
BRDA:15,1,0,1
BRDA:15,2,0,0
BRDA:15,3,0,1
BRDA:15,4,0,0
BRDA:15,5,0,1
BRDA:15,6,0,0
BRDA:15,7,0,1
BRDA:15,8,0,0
BRDA:15,9,0,0
BRDA:15,10,0,0
BRDA:15,11,0,0
BRDA:15,12,0,28
BRDA:15,13,0,0
BRDA:15,14,0,0
BRDA:15,15,0,1
BRDA:15,16,0,0
BRDA:15,17,0,0
BRDA:5,18,0,1
BRDA:6,19,0,1
BRDA:15,20,0,1
BRDA:15,21,0,0
BRDA:15,22,0,0
BRDA:15,23,0,1
BRDA:15,24,0,0
BRDA:15,25,0,0
BRF:26
BRH:11
end_of_record
TN:
SF:src/components/pages/Trailer.js
FN:42,Object.<anonymous>
FN:42,_interopRequireDefault
FN:42,_getRequireWildcardCache
FN:42,_getRequireWildcardCache
FN:42,_interopRequireWildcard
FN:42,_defineProperty
FN:42,Object.<anonymous>.__signature__
FN:20,Trailer
FN:27,Trailer.e
FN:30,render
FN:20,__reactstandin__regenerateByEval
FN:25,onBackButtonClicked
FNF:12
FNH:7
FNDA:1,Object.<anonymous>
FNDA:3,_interopRequireDefault
FNDA:1,_getRequireWildcardCache
FNDA:0,_getRequireWildcardCache
FNDA:1,_interopRequireWildcard
FNDA:3,_defineProperty
FNDA:0,Object.<anonymous>.__signature__
FNDA:1,Trailer
FNDA:0,Trailer.e
FNDA:1,render
FNDA:0,__reactstandin__regenerateByEval
FNDA:0,onBackButtonClicked
DA:1,1
DA:2,1
DA:3,1
DA:4,1
DA:5,1
DA:6,1
DA:7,1
DA:8,1
DA:9,1
DA:10,1
DA:11,1
DA:12,1
DA:13,1
DA:14,1
DA:15,1
DA:16,1
DA:17,1
DA:18,1
DA:19,1
DA:20,1
DA:21,1
DA:22,1
DA:23,1
DA:24,1
DA:25,1
DA:26,1
DA:27,1
DA:28,0
DA:29,0
DA:30,1
DA:31,1
DA:32,1
DA:33,1
DA:34,1
DA:35,1
DA:36,1
DA:37,1
DA:38,1
DA:39,1
DA:40,1
DA:41,1
DA:42,1
LF:42
LH:40
BRDA:42,0,0,1
BRDA:42,1,0,1
BRDA:42,2,0,0
BRDA:42,3,0,3
BRDA:42,4,0,0
BRDA:42,5,0,1
BRDA:42,6,0,0
BRDA:42,7,0,1
BRDA:42,8,0,0
BRDA:42,9,0,0
BRDA:42,10,0,0
BRDA:42,11,0,0
BRDA:42,12,0,28
BRDA:42,13,0,0
BRDA:42,14,0,0
BRDA:42,15,0,1
BRDA:42,16,0,0
BRDA:42,17,0,0
BRDA:42,18,0,3
BRDA:42,19,0,0
BRDA:20,20,0,1
BRDA:30,21,0,1
BRDA:42,22,0,1
BRDA:42,23,0,0
BRDA:42,24,0,0
BRDA:42,25,0,1
BRDA:42,26,0,0
BRDA:42,27,0,0
BRF:28
BRH:12
end_of_record
TN:
SF:src/utils/apiClient.js
FN:35,Object.<anonymous>
FN:35,_interopRequireDefault
FN:35,Object.<anonymous>.__signature__
FN:11,call
FNF:4
FNH:2
FNDA:2,Object.<anonymous>
FNDA:2,_interopRequireDefault
FNDA:0,Object.<anonymous>.__signature__
FNDA:0,call
DA:1,1
DA:2,1
DA:3,1
DA:4,1
DA:5,1
DA:6,1
DA:7,1
DA:8,1
DA:9,1
DA:10,1
DA:11,1
DA:12,0
DA:13,0
DA:14,0
DA:15,0
DA:16,0
DA:17,0
DA:18,0
DA:19,0
DA:20,0
DA:21,0
DA:22,0
DA:23,0
DA:24,0
DA:25,0
DA:26,0
DA:27,0
DA:28,0
DA:29,0
DA:30,0
DA:31,0
DA:32,0
DA:33,1
DA:34,1
DA:35,1
LF:35
LH:14
BRDA:35,0,0,2
BRDA:35,1,0,2
BRDA:35,2,0,0
BRDA:35,3,0,2
BRDA:35,4,0,0
BRDA:35,5,0,2
BRDA:35,6,0,0
BRDA:35,7,0,0
BRDA:35,8,0,2
BRDA:35,9,0,0
BRDA:35,10,0,0
BRDA:35,11,0,2
BRDA:35,12,0,0
BRDA:35,13,0,0
BRF:14
BRH:6
end_of_record
TN:
SF:src/utils/player.js
FN:24,Object.<anonymous>
FN:24,_getRequireWildcardCache
FN:24,_getRequireWildcardCache
FN:24,_interopRequireWildcard
FN:24,_interopRequireDefault
FN:24,Object.<anonymous>.__signature__
FN:9,init
FN:15,play
FN:18,destroy
FNF:9
FNH:4
FNDA:2,Object.<anonymous>
FNDA:2,_getRequireWildcardCache
FNDA:0,_getRequireWildcardCache
FNDA:4,_interopRequireWildcard
FNDA:2,_interopRequireDefault
FNDA:0,Object.<anonymous>.__signature__
FNDA:0,init
FNDA:0,play
FNDA:0,destroy
DA:1,1
DA:2,1
DA:3,1
DA:4,1
DA:5,1
DA:6,1
DA:7,1
DA:8,1
DA:9,1
DA:10,0
DA:11,0
DA:12,0
DA:13,0
DA:14,0
DA:15,1
DA:16,0
DA:17,0
DA:18,1
DA:19,0
DA:20,0
DA:21,0
DA:22,1
DA:23,1
DA:24,1
LF:24
LH:14
BRDA:24,0,0,2
BRDA:24,1,0,2
BRDA:24,2,0,0
BRDA:24,3,0,2
BRDA:24,4,0,0
BRDA:24,5,0,4
BRDA:24,6,0,2
BRDA:24,7,0,0
BRDA:24,8,0,0
BRDA:24,9,0,2
BRDA:24,10,0,0
BRDA:24,11,0,2
BRDA:24,12,0,0
BRDA:24,13,0,2
BRDA:24,14,0,2
BRDA:24,15,0,0
BRDA:24,16,0,2
BRDA:24,17,0,0
BRDA:24,18,0,0
BRDA:24,19,0,2
BRDA:24,20,0,0
BRDA:24,21,0,0
BRDA:24,22,0,2
BRDA:24,23,0,0
BRDA:24,24,0,0
BRF:25
BRH:12
end_of_record
TN:
SF:test/style-mock.js
FN:1,Object.<anonymous>
FN:1,Object.<anonymous>.__signature__
FNF:2
FNH:1
FNDA:2,Object.<anonymous>
FNDA:0,Object.<anonymous>.__signature__
DA:1,1
LF:1
LH:1
BRDA:1,0,0,2
BRDA:1,1,0,2
BRDA:1,2,0,0
BRF:3
BRH:2
end_of_record
TN:
SF:test/svg-mock.js
FN:1,Object.<anonymous>
FN:1,Object.<anonymous>.__signature__
FNF:2
FNH:1
FNDA:7,Object.<anonymous>
FNDA:0,Object.<anonymous>.__signature__
DA:1,1
LF:1
LH:1
BRDA:1,0,0,7
BRDA:1,1,0,7
BRDA:1,2,0,0
BRF:3
BRH:2
end_of_record
